#
# There is insufficient memory for the Java Runtime Environment to continue.
# Native memory allocation (mmap) failed to map 123731968 bytes for committing reserved memory.
# Possible reasons:
#   The system is out of physical RAM or swap space
#   The process is running with CompressedOops enabled, and the Java Heap may be blocking the growth of the native heap
# Possible solutions:
#   Reduce memory load on the system
#   Increase physical memory or swap space
#   Check if swap backing store is full
#   Decrease Java heap size (-Xmx/-Xms)
#   Decrease number of Java threads
#   Decrease Java thread stack sizes (-Xss)
#   Set larger code cache with -XX:ReservedCodeCacheSize=
# This output file may be truncated or incomplete.
#
#  Out of Memory Error (os_linux.cpp:2719), pid=21470, tid=21476
#
# JRE version:  (11.0.3+7) (build )
# Java VM: OpenJDK 64-Bit Server VM (11.0.3+7-Ubuntu-1ubuntu218.10.1, mixed mode, aot, sharing, tiered, compressed oops, g1 gc, linux-amd64)
# Core dump will be written. Default location: Core dumps may be processed with "/usr/share/apport/apport %p %s %c %d %P" (or dumping to /home/user/Desktop/Vaibhav_VK/ExampleServletJsp/core.21470)
#

---------------  S U M M A R Y ------------

Command Line: -Dfile.encoding=UTF-8 com.jsp.User

Host: Intel(R) Celeron(R) N4000 CPU @ 1.10GHz, 2 cores, 7G, Ubuntu 18.10
Time: Thu Sep 26 13:57:44 2019 IST elapsed time: 0 seconds (0d 0h 0m 0s)

---------------  T H R E A D  ---------------

Current thread (0x00007ff4a4011800):  JavaThread "Unknown thread" [_thread_in_vm, id=21476, stack(0x00007ff4a9555000,0x00007ff4a9656000)]

Stack: [0x00007ff4a9555000,0x00007ff4a9656000],  sp=0x00007ff4a96542e0,  free space=1020k
Native frames: (J=compiled Java code, A=aot compiled Java code, j=interpreted, Vv=VM code, C=native code)
V  [libjvm.so+0xd170fe]
V  [libjvm.so+0xd17d4b]
V  [libjvm.so+0x61a775]
V  [libjvm.so+0xb260c8]
V  [libjvm.so+0xb1d41d]
V  [libjvm.so+0x7318cf]
V  [libjvm.so+0x731c7e]
V  [libjvm.so+0x73b0d6]
V  [libjvm.so+0x7af234]
V  [libjvm.so+0x7afe40]
V  [libjvm.so+0x7b0257]
V  [libjvm.so+0x6f1790]
V  [libjvm.so+0x6f1e91]
V  [libjvm.so+0xcd9b02]
V  [libjvm.so+0xcd9d96]
V  [libjvm.so+0x7c6027]
V  [libjvm.so+0xcba61d]
V  [libjvm.so+0x86aa71]  JNI_CreateJavaVM+0x51
C  [libjli.so+0x47ff]
C  [libjli.so+0x958d]


---------------  P R O C E S S  ---------------

Threads class SMR info:
_java_thread_list=0x0000564f515ef760, length=0, elements={
}

Java Threads: ( => current thread )

Other Threads:
  0x00007ff4a4027000 GCTaskThread "GC Thread#0" [stack: 0x00007ff4a9208000,0x00007ff4a9308000] [id=21477]
  0x00007ff4a4056000 ConcurrentGCThread "G1 Main Marker" [stack: 0x00007ff4a83bb000,0x00007ff4a84bb000] [id=21478]
  0x00007ff4a4058000 ConcurrentGCThread "G1 Conc#0" [stack: 0x00007ff4a82b9000,0x00007ff4a83b9000] [id=21479]

[error occurred during error reporting (printing all threads), id 0xb, SIGSEGV (0xb) at pc=0x00007ff4aa093010]

VM state:not at safepoint (not fully initialized)

VM Mutex/Monitor currently owned by a thread:  ([mutex/lock_event])
[0x00007ff4a400ed20] Heap_lock - owner thread: 0x00007ff4a4011800

Heap address: 0x000000008a400000, size: 1884 MB, Compressed Oops mode: Non-zero based: 0x000000008a400000
Narrow klass base: 0x0000000000000000, Narrow klass shift: 0

GC Heap History (0 events):
No events

Deoptimization events (0 events):
No events

Classes redefined (0 events):
No events

Internal exceptions (0 events):
No events

Events (0 events):
No events


Dynamic libraries:
91a00000-100000000 ---p 00000000 00:00 0 
564f50e25000-564f50e26000 r--p 00000000 b3:02 275294                     /usr/lib/jvm/java-11-openjdk-amd64/bin/java
564f50e26000-564f50e27000 r-xp 00001000 b3:02 275294                     /usr/lib/jvm/java-11-openjdk-amd64/bin/java
564f50e27000-564f50e28000 r--p 00002000 b3:02 275294                     /usr/lib/jvm/java-11-openjdk-amd64/bin/java
564f50e28000-564f50e29000 r--p 00002000 b3:02 275294                     /usr/lib/jvm/java-11-openjdk-amd64/bin/java
564f50e29000-564f50e2a000 rw-p 00003000 b3:02 275294                     /usr/lib/jvm/java-11-openjdk-amd64/bin/java
564f515d7000-564f515f8000 rw-p 00000000 00:00 0                          [heap]
7ff478000000-7ff478021000 rw-p 00000000 00:00 0 
7ff478021000-7ff47c000000 ---p 00000000 00:00 0 
7ff47e000000-7ff480000000 rw-p 00000000 00:00 0 
7ff480000000-7ff480021000 rw-p 00000000 00:00 0 
7ff480021000-7ff484000000 ---p 00000000 00:00 0 
7ff484520000-7ff488000000 ---p 00000000 00:00 0 
7ff488000000-7ff488021000 rw-p 00000000 00:00 0 
7ff488021000-7ff48c000000 ---p 00000000 00:00 0 
7ff48c97e000-7ff48cbee000 rwxp 00000000 00:00 0 
7ff48cbee000-7ff48cf0d000 ---p 00000000 00:00 0 
7ff48cf0d000-7ff48d17d000 rwxp 00000000 00:00 0 
7ff48d17d000-7ff494445000 ---p 00000000 00:00 0 
7ff494445000-7ff4946b5000 rwxp 00000000 00:00 0 
7ff4946b5000-7ff49b97e000 ---p 00000000 00:00 0 
7ff49b97e000-7ff4a4000000 r--s 00000000 b3:02 677899                     /usr/lib/jvm/java-11-openjdk-amd64/lib/modules
7ff4a4000000-7ff4a406a000 rw-p 00000000 00:00 0 
7ff4a406a000-7ff4a8000000 ---p 00000000 00:00 0 
7ff4a80b5000-7ff4a82b7000 rw-p 00000000 00:00 0 
7ff4a82b7000-7ff4a82b8000 ---p 00000000 00:00 0 
7ff4a82b8000-7ff4a83b9000 rw-p 00000000 00:00 0 
7ff4a83b9000-7ff4a83ba000 ---p 00000000 00:00 0 
7ff4a83ba000-7ff4a84fa000 rw-p 00000000 00:00 0 
7ff4a84fa000-7ff4a9004000 ---p 00000000 00:00 0 
7ff4a9004000-7ff4a9206000 rw-p 00000000 00:00 0 
7ff4a9206000-7ff4a9207000 ---p 00000000 00:00 0 
7ff4a9207000-7ff4a930d000 rw-p 00000000 00:00 0 
7ff4a930d000-7ff4a93f3000 ---p 00000000 00:00 0 
7ff4a93f3000-7ff4a93f8000 rw-p 00000000 00:00 0 
7ff4a93f8000-7ff4a94de000 ---p 00000000 00:00 0 
7ff4a94de000-7ff4a94e3000 rw-p 00000000 00:00 0 
7ff4a94e3000-7ff4a94ea000 ---p 00000000 00:00 0 
7ff4a94ea000-7ff4a94ec000 r--p 00000000 b3:02 677881                     /usr/lib/jvm/java-11-openjdk-amd64/lib/libjimage.so
7ff4a94ec000-7ff4a94ef000 r-xp 00002000 b3:02 677881                     /usr/lib/jvm/java-11-openjdk-amd64/lib/libjimage.so
7ff4a94ef000-7ff4a94f1000 r--p 00005000 b3:02 677881                     /usr/lib/jvm/java-11-openjdk-amd64/lib/libjimage.so
7ff4a94f1000-7ff4a94f2000 r--p 00006000 b3:02 677881                     /usr/lib/jvm/java-11-openjdk-amd64/lib/libjimage.so
7ff4a94f2000-7ff4a94f3000 rw-p 00007000 b3:02 677881                     /usr/lib/jvm/java-11-openjdk-amd64/lib/libjimage.so
7ff4a94f3000-7ff4a94f6000 r--p 00000000 b3:02 529257                     /lib/x86_64-linux-gnu/libnss_files-2.28.so
7ff4a94f6000-7ff4a94fd000 r-xp 00003000 b3:02 529257                     /lib/x86_64-linux-gnu/libnss_files-2.28.so
7ff4a94fd000-7ff4a9500000 r--p 0000a000 b3:02 529257                     /lib/x86_64-linux-gnu/libnss_files-2.28.so
7ff4a9500000-7ff4a9501000 r--p 0000c000 b3:02 529257                     /lib/x86_64-linux-gnu/libnss_files-2.28.so
7ff4a9501000-7ff4a9502000 rw-p 0000d000 b3:02 529257                     /lib/x86_64-linux-gnu/libnss_files-2.28.so
7ff4a9502000-7ff4a9508000 rw-p 00000000 00:00 0 
7ff4a950d000-7ff4a950f000 r--p 00000000 b3:02 677898                     /usr/lib/jvm/java-11-openjdk-amd64/lib/libzip.so
7ff4a950f000-7ff4a9513000 r-xp 00002000 b3:02 677898                     /usr/lib/jvm/java-11-openjdk-amd64/lib/libzip.so
7ff4a9513000-7ff4a9515000 r--p 00006000 b3:02 677898                     /usr/lib/jvm/java-11-openjdk-amd64/lib/libzip.so
7ff4a9515000-7ff4a9516000 r--p 00007000 b3:02 677898                     /usr/lib/jvm/java-11-openjdk-amd64/lib/libzip.so
7ff4a9516000-7ff4a9517000 rw-p 00008000 b3:02 677898                     /usr/lib/jvm/java-11-openjdk-amd64/lib/libzip.so
7ff4a9517000-7ff4a951f000 rw-s 00000000 b3:02 135305                     /tmp/hsperfdata_user/21470
7ff4a951f000-7ff4a952c000 r--p 00000000 b3:02 677874                     /usr/lib/jvm/java-11-openjdk-amd64/lib/libjava.so
7ff4a952c000-7ff4a9541000 r-xp 0000d000 b3:02 677874                     /usr/lib/jvm/java-11-openjdk-amd64/lib/libjava.so
7ff4a9541000-7ff4a9548000 r--p 00022000 b3:02 677874                     /usr/lib/jvm/java-11-openjdk-amd64/lib/libjava.so
7ff4a9548000-7ff4a9549000 r--p 00028000 b3:02 677874                     /usr/lib/jvm/java-11-openjdk-amd64/lib/libjava.so
7ff4a9549000-7ff4a954b000 rw-p 00029000 b3:02 677874                     /usr/lib/jvm/java-11-openjdk-amd64/lib/libjava.so
7ff4a954b000-7ff4a954d000 r--p 00000000 b3:02 529307                     /lib/x86_64-linux-gnu/librt-2.28.so
7ff4a954d000-7ff4a9551000 r-xp 00002000 b3:02 529307                     /lib/x86_64-linux-gnu/librt-2.28.so
7ff4a9551000-7ff4a9553000 r--p 00006000 b3:02 529307                     /lib/x86_64-linux-gnu/librt-2.28.so
7ff4a9553000-7ff4a9554000 r--p 00007000 b3:02 529307                     /lib/x86_64-linux-gnu/librt-2.28.so
7ff4a9554000-7ff4a9555000 rw-p 00008000 b3:02 529307                     /lib/x86_64-linux-gnu/librt-2.28.so
7ff4a9555000-7ff4a9559000 ---p 00000000 00:00 0 
7ff4a9559000-7ff4a9656000 rw-p 00000000 00:00 0 
7ff4a9656000-7ff4a9659000 r--p 00000000 b3:02 534485                     /lib/x86_64-linux-gnu/libgcc_s.so.1
7ff4a9659000-7ff4a966a000 r-xp 00003000 b3:02 534485                     /lib/x86_64-linux-gnu/libgcc_s.so.1
7ff4a966a000-7ff4a966d000 r--p 00014000 b3:02 534485                     /lib/x86_64-linux-gnu/libgcc_s.so.1
7ff4a966d000-7ff4a966e000 ---p 00017000 b3:02 534485                     /lib/x86_64-linux-gnu/libgcc_s.so.1
7ff4a966e000-7ff4a966f000 r--p 00017000 b3:02 534485                     /lib/x86_64-linux-gnu/libgcc_s.so.1
7ff4a966f000-7ff4a9670000 rw-p 00018000 b3:02 534485                     /lib/x86_64-linux-gnu/libgcc_s.so.1
7ff4a9670000-7ff4a967d000 r--p 00000000 b3:02 529230                     /lib/x86_64-linux-gnu/libm-2.28.so
7ff4a967d000-7ff4a9728000 r-xp 0000d000 b3:02 529230                     /lib/x86_64-linux-gnu/libm-2.28.so
7ff4a9728000-7ff4a97fb000 r--p 000b8000 b3:02 529230                     /lib/x86_64-linux-gnu/libm-2.28.so
7ff4a97fb000-7ff4a97fc000 r--p 0018a000 b3:02 529230                     /lib/x86_64-linux-gnu/libm-2.28.so
7ff4a97fc000-7ff4a97fd000 rw-p 0018b000 b3:02 529230                     /lib/x86_64-linux-gnu/libm-2.28.so
7ff4a97fd000-7ff4a9887000 r--p 00000000 b3:02 787914                     /usr/lib/x86_64-linux-gnu/libstdc++.so.6.0.25
7ff4a9887000-7ff4a993a000 r-xp 0008a000 b3:02 787914                     /usr/lib/x86_64-linux-gnu/libstdc++.so.6.0.25
7ff4a993a000-7ff4a9977000 r--p 0013d000 b3:02 787914                     /usr/lib/x86_64-linux-gnu/libstdc++.so.6.0.25
7ff4a9977000-7ff4a9978000 ---p 0017a000 b3:02 787914                     /usr/lib/x86_64-linux-gnu/libstdc++.so.6.0.25
7ff4a9978000-7ff4a9982000 r--p 0017a000 b3:02 787914                     /usr/lib/x86_64-linux-gnu/libstdc++.so.6.0.25
7ff4a9982000-7ff4a9984000 rw-p 00184000 b3:02 787914                     /usr/lib/x86_64-linux-gnu/libstdc++.so.6.0.25
7ff4a9984000-7ff4a9988000 rw-p 00000000 00:00 0 
7ff4a9988000-7ff4a9bf6000 r--p 00000000 b3:02 677904                     /usr/lib/jvm/java-11-openjdk-amd64/lib/server/libjvm.so
7ff4a9bf6000-7ff4aa712000 r-xp 0026e000 b3:02 677904                     /usr/lib/jvm/java-11-openjdk-amd64/lib/server/libjvm.so
7ff4aa712000-7ff4aa94b000 r--p 00d8a000 b3:02 677904                     /usr/lib/jvm/java-11-openjdk-amd64/lib/server/libjvm.so
7ff4aa94b000-7ff4aaa08000 r--p 00fc2000 b3:02 677904                     /usr/lib/jvm/java-11-openjdk-amd64/lib/server/libjvm.so
7ff4aaa08000-7ff4aaa41000 rw-p 0107f000 b3:02 677904                     /usr/lib/jvm/java-11-openjdk-amd64/lib/server/libjvm.so
7ff4aaa41000-7ff4aaa99000 rw-p 00000000 00:00 0 
7ff4aaa99000-7ff4aaa9f000 r--p 00000000 b3:02 529299                     /lib/x86_64-linux-gnu/libpthread-2.28.so
7ff4aaa9f000-7ff4aaaae000 r-xp 00006000 b3:02 529299                     /lib/x86_64-linux-gnu/libpthread-2.28.so
7ff4aaaae000-7ff4aaab4000 r--p 00015000 b3:02 529299                     /lib/x86_64-linux-gnu/libpthread-2.28.so
7ff4aaab4000-7ff4aaab5000 r--p 0001a000 b3:02 529299                     /lib/x86_64-linux-gnu/libpthread-2.28.so
7ff4aaab5000-7ff4aaab6000 rw-p 0001b000 b3:02 529299                     /lib/x86_64-linux-gnu/libpthread-2.28.so
7ff4aaab6000-7ff4aaaba000 rw-p 00000000 00:00 0 
7ff4aaaba000-7ff4aaabb000 r--p 00000000 b3:02 529190                     /lib/x86_64-linux-gnu/libdl-2.28.so
7ff4aaabb000-7ff4aaabd000 r-xp 00001000 b3:02 529190                     /lib/x86_64-linux-gnu/libdl-2.28.so
7ff4aaabd000-7ff4aaabe000 r--p 00003000 b3:02 529190                     /lib/x86_64-linux-gnu/libdl-2.28.so
7ff4aaabe000-7ff4aaabf000 r--p 00003000 b3:02 529190                     /lib/x86_64-linux-gnu/libdl-2.28.so
7ff4aaabf000-7ff4aaac0000 rw-p 00004000 b3:02 529190                     /lib/x86_64-linux-gnu/libdl-2.28.so
7ff4aaac0000-7ff4aaadc000 r-xp 00000000 b3:02 529338                     /lib/x86_64-linux-gnu/libz.so.1.2.11
7ff4aaadc000-7ff4aacdb000 ---p 0001c000 b3:02 529338                     /lib/x86_64-linux-gnu/libz.so.1.2.11
7ff4aacdb000-7ff4aacdc000 r--p 0001b000 b3:02 529338                     /lib/x86_64-linux-gnu/libz.so.1.2.11
7ff4aacdc000-7ff4aacdd000 rw-p 0001c000 b3:02 529338                     /lib/x86_64-linux-gnu/libz.so.1.2.11
7ff4aacdd000-7ff4aacff000 r--p 00000000 b3:02 529169                     /lib/x86_64-linux-gnu/libc-2.28.so
7ff4aacff000-7ff4aae70000 r-xp 00022000 b3:02 529169                     /lib/x86_64-linux-gnu/libc-2.28.so
7ff4aae70000-7ff4aaebc000 r--p 00193000 b3:02 529169                     /lib/x86_64-linux-gnu/libc-2.28.so
7ff4aaebc000-7ff4aaebd000 ---p 001df000 b3:02 529169                     /lib/x86_64-linux-gnu/libc-2.28.so
7ff4aaebd000-7ff4aaec1000 r--p 001df000 b3:02 529169                     /lib/x86_64-linux-gnu/libc-2.28.so
7ff4aaec1000-7ff4aaec3000 rw-p 001e3000 b3:02 529169                     /lib/x86_64-linux-gnu/libc-2.28.so
7ff4aaec3000-7ff4aaec7000 rw-p 00000000 00:00 0 
7ff4aaec9000-7ff4aaecb000 r--s 00007000 b3:02 1048646                    /usr/share/java/java-atk-wrapper.jar
7ff4aaecb000-7ff4aaecc000 ---p 00000000 00:00 0 
7ff4aaecc000-7ff4aaecd000 r--p 00000000 00:00 0 
7ff4aaecd000-7ff4aaed2000 r--p 00000000 b3:02 677897                     /usr/lib/jvm/java-11-openjdk-amd64/lib/libverify.so
7ff4aaed2000-7ff4aaed9000 r-xp 00005000 b3:02 677897                     /usr/lib/jvm/java-11-openjdk-amd64/lib/libverify.so
7ff4aaed9000-7ff4aaedb000 r--p 0000c000 b3:02 677897                     /usr/lib/jvm/java-11-openjdk-amd64/lib/libverify.so
7ff4aaedb000-7ff4aaedd000 r--p 0000d000 b3:02 677897                     /usr/lib/jvm/java-11-openjdk-amd64/lib/libverify.so
7ff4aaedd000-7ff4aaede000 rw-p 0000f000 b3:02 677897                     /usr/lib/jvm/java-11-openjdk-amd64/lib/libverify.so
7ff4aaede000-7ff4aaee1000 r--p 00000000 b3:02 677856                     /usr/lib/jvm/java-11-openjdk-amd64/lib/jli/libjli.so
7ff4aaee1000-7ff4aaeeb000 r-xp 00003000 b3:02 677856                     /usr/lib/jvm/java-11-openjdk-amd64/lib/jli/libjli.so
7ff4aaeeb000-7ff4aaeee000 r--p 0000d000 b3:02 677856                     /usr/lib/jvm/java-11-openjdk-amd64/lib/jli/libjli.so
7ff4aaeee000-7ff4aaeef000 r--p 0000f000 b3:02 677856                     /usr/lib/jvm/java-11-openjdk-amd64/lib/jli/libjli.so
7ff4aaeef000-7ff4aaef0000 rw-p 00010000 b3:02 677856                     /usr/lib/jvm/java-11-openjdk-amd64/lib/jli/libjli.so
7ff4aaef0000-7ff4aaef2000 rw-p 00000000 00:00 0 
7ff4aaef2000-7ff4aaef3000 r--p 00000000 b3:02 529143                     /lib/x86_64-linux-gnu/ld-2.28.so
7ff4aaef3000-7ff4aaf13000 r-xp 00001000 b3:02 529143                     /lib/x86_64-linux-gnu/ld-2.28.so
7ff4aaf13000-7ff4aaf1b000 r--p 00021000 b3:02 529143                     /lib/x86_64-linux-gnu/ld-2.28.so
7ff4aaf1b000-7ff4aaf1c000 r--p 00028000 b3:02 529143                     /lib/x86_64-linux-gnu/ld-2.28.so
7ff4aaf1c000-7ff4aaf1d000 rw-p 00029000 b3:02 529143                     /lib/x86_64-linux-gnu/ld-2.28.so
7ff4aaf1d000-7ff4aaf1e000 rw-p 00000000 00:00 0 
7ffdb3ee5000-7ffdb3f06000 rw-p 00000000 00:00 0                          [stack]
7ffdb3f15000-7ffdb3f18000 r--p 00000000 00:00 0                          [vvar]
7ffdb3f18000-7ffdb3f1a000 r-xp 00000000 00:00 0                          [vdso]
ffffffffff600000-ffffffffff601000 r-xp 00000000 00:00 0                  [vsyscall]


VM Arguments:
jvm_args: -Dfile.encoding=UTF-8 
java_command: com.jsp.User
java_class_path (initial): /home/user/Desktop/Vaibhav_VK/ExampleServletJsp/build/classes:/home/user/Desktop/apache-tomcat-9.0.24/lib/catalina-storeconfig.jar:/home/user/Desktop/apache-tomcat-9.0.24/lib/annotations-api.jar:/home/user/Desktop/apache-tomcat-9.0.24/lib/catalina-ha.jar:/home/user/Desktop/apache-tomcat-9.0.24/lib/jasper.jar:/home/user/Desktop/apache-tomcat-9.0.24/lib/websocket-api.jar:/home/user/Desktop/apache-tomcat-9.0.24/lib/tomcat-coyote.jar:/home/user/Desktop/apache-tomcat-9.0.24/lib/tomcat-i18n-pt-BR.jar:/home/user/Desktop/apache-tomcat-9.0.24/lib/tomcat-i18n-es.jar:/home/user/Desktop/apache-tomcat-9.0.24/lib/tomcat-i18n-ru.jar:/home/user/Desktop/apache-tomcat-9.0.24/lib/tomcat-i18n-zh-CN.jar:/home/user/Desktop/apache-tomcat-9.0.24/lib/tomcat-util.jar:/home/user/Desktop/apache-tomcat-9.0.24/lib/tomcat-i18n-cs.jar:/home/user/Desktop/apache-tomcat-9.0.24/lib/tomcat-i18n-ko.jar:/home/user/Desktop/apache-tomcat-9.0.24/lib/jsp-api.jar:/home/user/Desktop/apache-tomcat-9.0.24/lib/tomcat-i18n-ja.jar:/home/user/Desktop/apache-tomcat-9.0.24/lib/tomcat-jdbc.jar:/home/user/Desktop/apache-tomcat-9.0.24/lib/tomcat-i18n-de.jar:/home/user/Desktop/apache-tomcat-9.0.24/lib/servlet-api.jar:/home/user/Desktop/apache-tomcat-9.0.24/lib/el-api.jar:/home/user/Desktop/apache-tomcat-9.0.24/lib/tomcat-dbcp.jar:/home/user/Desktop/apache-tomcat-9.0.24/lib/catalina-ant.jar:/home/user/Desktop/apache-tomcat-9.0.24/lib/tomcat-api.jar:/home/user/Desktop/apache-tomcat-9.0.24/lib/jasper-el.jar:/home/user/Desktop/apache-tomcat-9.0.24/lib/jaspic-api.jar:/home/user/Desktop/apache-tomcat-9.0.24/lib/tomcat-util-scan.jar:/home/user/Desktop/apache-tomcat-9.0.24/lib/catalina-tribes.jar:/home/user/Desktop/apache-tomcat-9.0.24/lib/tomcat-i18n-fr.jar:/home/user/Desktop/apache-tomcat-9.0.24/lib/catalina.jar:/home/user/Desktop/apache-tomcat-9.0.24/lib/tomcat-jni.jar:/home/user/Desktop/apache-tomcat-9.0.24/lib/tomcat-websocket.jar:/home/user/Desktop/apache-tomcat-9.0.24/lib/ecj-4.12.jar:/home/use
Launcher Type: SUN_STANDARD

[Global flags]
     intx CICompilerCount                          = 2                                         {product} {ergonomic}
     uint ConcGCThreads                            = 1                                         {product} {ergonomic}
     uint G1ConcRefinementThreads                  = 2                                         {product} {ergonomic}
   size_t G1HeapRegionSize                         = 1048576                                   {product} {ergonomic}
    uintx GCDrainStackTargetSize                   = 64                                        {product} {ergonomic}
   size_t InitialHeapSize                          = 123731968                                 {product} {ergonomic}
   size_t MarkStackSize                            = 4194304                                   {product} {ergonomic}
   size_t MaxHeapSize                              = 1975517184                                {product} {ergonomic}
   size_t MinHeapDeltaBytes                        = 1048576                                   {product} {ergonomic}
    uintx NonNMethodCodeHeapSize                   = 5824844                                {pd product} {ergonomic}
    uintx NonProfiledCodeHeapSize                  = 122916698                              {pd product} {ergonomic}
    uintx ProfiledCodeHeapSize                     = 122916698                              {pd product} {ergonomic}
    uintx ReservedCodeCacheSize                    = 251658240                              {pd product} {ergonomic}
     bool SegmentedCodeCache                       = true                                      {product} {ergonomic}
     bool UseCompressedClassPointers               = true                                 {lp64_product} {ergonomic}
     bool UseCompressedOops                        = true                                 {lp64_product} {ergonomic}
     bool UseG1GC                                  = true                                      {product} {ergonomic}

Logging:
Log output configuration:
 #0: stdout all=warning uptime,level,tags
 #1: stderr all=off uptime,level,tags

Environment Variables:
PATH=/usr/local/sbin:/usr/local/bin:/usr/sbin:/usr/bin:/sbin:/bin:/usr/games:/usr/local/games:/snap/bin
USERNAME=user
SHELL=/bin/bash
DISPLAY=:0

Signal Handlers:
SIGSEGV: [libjvm.so+0xd18a40], sa_mask[0]=11111111011111111101111111111110, sa_flags=SA_RESTART|SA_SIGINFO
SIGBUS: [libjvm.so+0xd18a40], sa_mask[0]=11111111011111111101111111111110, sa_flags=SA_RESTART|SA_SIGINFO
SIGFPE: [libjvm.so+0xd18a40], sa_mask[0]=11111111011111111101111111111110, sa_flags=SA_RESTART|SA_SIGINFO
SIGPIPE: [libjvm.so+0xb21cf0], sa_mask[0]=11111111011111111101111111111110, sa_flags=SA_RESTART|SA_SIGINFO
SIGXFSZ: [libjvm.so+0xb21cf0], sa_mask[0]=11111111011111111101111111111110, sa_flags=SA_RESTART|SA_SIGINFO
SIGILL: [libjvm.so+0xd18a40], sa_mask[0]=11111111011111111101111111111110, sa_flags=SA_RESTART|SA_SIGINFO
SIGUSR2: [libjvm.so+0xb21b80], sa_mask[0]=00100000000000000000000000000000, sa_flags=SA_RESTART|SA_SIGINFO
SIGHUP: SIG_DFL, sa_mask[0]=00000000000000000000000000000000, sa_flags=none
SIGINT: SIG_DFL, sa_mask[0]=00000000000000000000000000000000, sa_flags=none
SIGTERM: SIG_DFL, sa_mask[0]=00000000000000000000000000000000, sa_flags=none
SIGQUIT: SIG_DFL, sa_mask[0]=00000000000000000000000000000000, sa_flags=none


---------------  S Y S T E M  ---------------

OS:DISTRIB_ID=Ubuntu
DISTRIB_RELEASE=18.10
DISTRIB_CODENAME=cosmic
DISTRIB_DESCRIPTION="Ubuntu 18.10"
uname:Linux 4.18.0-26-generic #27-Ubuntu SMP Tue Jul 2 15:36:16 UTC 2019 x86_64
libc:glibc 2.28 NPTL 2.28 
rlimit: STACK 8192k, CORE 0k, NPROC 29824, NOFILE 4096, AS infinity, DATA infinity, FSIZE infinity
load average:8.74 7.18 5.77

/proc/meminfo:
MemTotal:        7711764 kB
MemFree:          131624 kB
MemAvailable:      48020 kB
Buffers:            1232 kB
Cached:           575832 kB
SwapCached:          748 kB
Active:          5330012 kB
Inactive:        1747096 kB
Active(anon):    5302516 kB
Inactive(anon):  1714588 kB
Active(file):      27496 kB
Inactive(file):    32508 kB
Unevictable:         104 kB
Mlocked:             104 kB
SwapTotal:       1393948 kB
SwapFree:              0 kB
Dirty:               240 kB
Writeback:             0 kB
AnonPages:       6499556 kB
Mapped:            74780 kB
Shmem:            516852 kB
Slab:             203024 kB
SReclaimable:      54716 kB
SUnreclaim:       148308 kB
KernelStack:       20640 kB
PageTables:       105632 kB
NFS_Unstable:          0 kB
Bounce:                0 kB
WritebackTmp:          0 kB
CommitLimit:     5249828 kB
Committed_AS:   20453328 kB
VmallocTotal:   34359738367 kB
VmallocUsed:           0 kB
VmallocChunk:          0 kB
HardwareCorrupted:     0 kB
AnonHugePages:         0 kB
ShmemHugePages:        0 kB
ShmemPmdMapped:        0 kB
CmaTotal:              0 kB
CmaFree:               0 kB
HugePages_Total:       0
HugePages_Free:        0
HugePages_Rsvd:        0
HugePages_Surp:        0
Hugepagesize:       2048 kB
Hugetlb:               0 kB
DirectMap4k:      479636 kB
DirectMap2M:     7448576 kB
DirectMap1G:     2097152 kB


/proc/sys/kernel/threads-max (system-wide limit on the number of threads):
59648


/proc/sys/vm/max_map_count (maximum number of memory map areas a process may have):
262144


/proc/sys/kernel/pid_max (system-wide limit on number of process identifiers):
32768



container (cgroup) information:
container_type: cgroupv1
cpu_cpuset_cpus: 0-1
cpu_memory_nodes: 0
active_processor_count: 2
cpu_quota: -1
cpu_period: 100000
cpu_shares: -1
memory_limit_in_bytes: -1
memory_and_swap_limit_in_bytes: -2
memory_soft_limit_in_bytes: -1
memory_usage_in_bytes: 1906167808
memory_max_usage_in_bytes: 2490531840


CPU:total 2 (initial active 2) (2 cores per cpu, 1 threads per core) family 6 model 122 stepping 1, cmov, cx8, fxsr, mmx, sse, sse2, sse3, ssse3, sse4.1, sse4.2, popcnt, aes, clmul, erms, 3dnowpref, tsc, tscinvbit, sha
CPU Model and flags from /proc/cpuinfo:
model name	: Intel(R) Celeron(R) N4000 CPU @ 1.10GHz
flags		: fpu vme de pse tsc msr pae mce cx8 apic sep mtrr pge mca cmov pat pse36 clflush dts acpi mmx fxsr sse sse2 ss ht tm pbe syscall nx pdpe1gb rdtscp lm constant_tsc art arch_perfmon pebs bts rep_good nopl xtopology nonstop_tsc cpuid aperfmperf tsc_known_freq pni pclmulqdq dtes64 monitor ds_cpl vmx est tm2 ssse3 sdbg cx16 xtpr pdcm sse4_1 sse4_2 x2apic movbe popcnt tsc_deadline_timer aes xsave rdrand lahf_lm 3dnowprefetch cpuid_fault cat_l2 pti cdp_l2 ssbd ibrs ibpb stibp ibrs_enhanced tpr_shadow vnmi flexpriority ept vpid fsgsbase tsc_adjust smep erms mpx rdt_a rdseed smap clflushopt intel_pt sha_ni xsaveopt xsavec xgetbv1 xsaves dtherm ida arat pln pts umip rdpid md_clear arch_capabilities

Memory: 4k page, physical 7711764k(131624k free), swap 1393948k(0k free)

vm_info: OpenJDK 64-Bit Server VM (11.0.3+7-Ubuntu-1ubuntu218.10.1) for linux-amd64 JRE (11.0.3+7-Ubuntu-1ubuntu218.10.1), built on Apr 23 2019 18:34:35 by "buildd" with gcc 8.2.0

END.
