#
# A fatal error has been detected by the Java Runtime Environment:
#
#  Internal Error (constantTag.cpp:65), pid=24413, tid=24431
#  Error: ShouldNotReachHere()
#
# JRE version: OpenJDK Runtime Environment (11.0.3+7) (build 11.0.3+7-Ubuntu-1ubuntu218.10.1)
# Java VM: OpenJDK 64-Bit Server VM (11.0.3+7-Ubuntu-1ubuntu218.10.1, mixed mode, sharing, tiered, compressed oops, g1 gc, linux-amd64)
# Core dump will be written. Default location: Core dumps may be processed with "/usr/share/apport/apport %p %s %c %d %P" (or dumping to /home/user/Desktop/Vaibhav_VK/Fellowship/core.24413)
#
# If you would like to submit a bug report, please visit:
#   http://bugreport.java.com/bugreport/crash.jsp
#

---------------  S U M M A R Y ------------

Command Line: -agentlib:jdwp=transport=dt_socket,suspend=y,address=localhost:36861 -javaagent:/home/user/Downloads/spring-tool-suite-4-4.3.2.RELEASE-e4.12.0-linux.gtk.x86_64 (1)/sts-4.3.2.RELEASE/configuration/org.eclipse.osgi/238/0/.cp/lib/javaagent-shaded.jar -Dfile.encoding=UTF-8 com.bridgelabzs.datastructure.OrderedList

Host: Intel(R) Celeron(R) N4000 CPU @ 1.10GHz, 2 cores, 7G, Ubuntu 18.10
Time: Tue Sep  3 16:16:50 2019 IST elapsed time: 4613 seconds (0d 1h 16m 53s)

---------------  T H R E A D  ---------------

Current thread (0x00007f896c15d000):  VMThread "VM Thread" [stack: 0x00007f8970153000,0x00007f8970253000] [id=24431]

Stack: [0x00007f8970153000,0x00007f8970253000],  sp=0x00007f89702512e0,  free space=1016k
Native frames: (J=compiled Java code, A=aot compiled Java code, j=interpreted, Vv=VM code, C=native code)
V  [libjvm.so+0xd170fe]
V  [libjvm.so+0xd17d0f]
V  [libjvm.so+0x61a4e7]
V  [libjvm.so+0x614849]
V  [libjvm.so+0x60e878]
V  [libjvm.so+0x775b3e]
V  [libjvm.so+0x777905]
V  [libjvm.so+0x77926c]
V  [libjvm.so+0x779539]
V  [libjvm.so+0xb137c4]
V  [libjvm.so+0xb1460b]
V  [libjvm.so+0xb14a87]
V  [libjvm.so+0xab836e]
V  [libjvm.so+0x9657cc]
V  [libjvm.so+0xd21578]
V  [libjvm.so+0xd1feb7]
V  [libjvm.so+0xd2052e]
V  [libjvm.so+0xd20793]
V  [libjvm.so+0xcb7c34]
V  [libjvm.so+0xb2a96e]

VM_Operation (0x00007f89452238b0): GetOrSetLocal, mode: safepoint, requested by thread 0x00007f896c1bb800


---------------  P R O C E S S  ---------------

Threads class SMR info:
_java_thread_list=0x00007f896c24cfd0, length=12, elements={
0x00007f896c013000, 0x00007f896c15f800, 0x00007f896c161800, 0x00007f896c167000,
0x00007f896c169800, 0x00007f896c16b800, 0x00007f896c16d800, 0x00007f896c17b000,
0x00007f896c1bb800, 0x00007f896c1bf800, 0x00007f8918001800, 0x00007f896c24b800
}

Java Threads: ( => current thread )
  0x00007f896c013000 JavaThread "main" [_thread_blocked, id=24419, stack(0x00007f8971a1e000,0x00007f8971b1f000)]
  0x00007f896c15f800 JavaThread "Reference Handler" daemon [_thread_blocked, id=24432, stack(0x00007f8970050000,0x00007f8970151000)]
  0x00007f896c161800 JavaThread "Finalizer" daemon [_thread_blocked, id=24435, stack(0x00007f895407d000,0x00007f895417e000)]
  0x00007f896c167000 JavaThread "Signal Dispatcher" daemon [_thread_blocked, id=24437, stack(0x00007f894c41f000,0x00007f894c520000)]
  0x00007f896c169800 JavaThread "C2 CompilerThread0" daemon [_thread_blocked, id=24438, stack(0x00007f894c31e000,0x00007f894c41f000)]
  0x00007f896c16b800 JavaThread "C1 CompilerThread0" daemon [_thread_blocked, id=24439, stack(0x00007f894c21d000,0x00007f894c31e000)]
  0x00007f896c16d800 JavaThread "Sweeper thread" daemon [_thread_blocked, id=24440, stack(0x00007f894c11c000,0x00007f894c21d000)]
  0x00007f896c17b000 JavaThread "Common-Cleaner" daemon [_thread_blocked, id=24443, stack(0x00007f894c01b000,0x00007f894c11c000)]
  0x00007f896c1bb800 JavaThread "JDWP Transport Listener: dt_socket" daemon [_thread_blocked, id=24445, stack(0x00007f8945124000,0x00007f8945225000)] _threads_hazard_ptr=0x00007f896c24cfd0
  0x00007f896c1bf800 JavaThread "JDWP Event Helper Thread" daemon [_thread_blocked, id=24447, stack(0x00007f8945023000,0x00007f8945124000)]
  0x00007f8918001800 JavaThread "JDWP Command Reader" daemon [_thread_in_native, id=24448, stack(0x00007f8944f22000,0x00007f8945023000)]
  0x00007f896c24b800 JavaThread "Service Thread" daemon [_thread_blocked, id=24456, stack(0x00007f8944e21000,0x00007f8944f22000)]

Other Threads:
=>0x00007f896c15d000 VMThread "VM Thread" [stack: 0x00007f8970153000,0x00007f8970253000] [id=24431]
  0x00007f896c24f000 WatcherThread [stack: 0x00007f8944d21000,0x00007f8944e21000] [id=24457]
  0x00007f896c028800 GCTaskThread "GC Thread#0" [stack: 0x00007f8971686000,0x00007f8971786000] [id=24422]
  0x00007f896c057800 ConcurrentGCThread "G1 Main Marker" [stack: 0x00007f8970839000,0x00007f8970939000] [id=24424]
  0x00007f896c059800 ConcurrentGCThread "G1 Conc#0" [stack: 0x00007f8970737000,0x00007f8970837000] [id=24426]
  0x00007f896c0c4000 ConcurrentGCThread "G1 Refine#0" [stack: 0x00007f8970433000,0x00007f8970533000] [id=24428]
  0x00007f896c0c6000 ConcurrentGCThread "G1 Young RemSet Sampling" [stack: 0x00007f8970331000,0x00007f8970431000] [id=24430]

Threads with active compile tasks:

VM state:at safepoint (normal execution)

VM Mutex/Monitor currently owned by a thread:  ([mutex/lock_event])
[0x00007f896c00f8b0] Threads_lock - owner thread: 0x00007f896c15d000

Heap address: 0x000000008a400000, size: 1884 MB, Compressed Oops mode: 32-bit
Narrow klass base: 0x0000000800000000, Narrow klass shift: 3
Compressed class space size: 1073741824 Address: 0x0000000840000000

Heap:
 garbage-first heap   total 122880K, used 5756K [0x000000008a400000, 0x0000000100000000)
  region size 1024K, 6 young (6144K), 0 survivors (0K)
 Metaspace       used 2974K, capacity 5031K, committed 5376K, reserved 1056768K
  class space    used 273K, capacity 461K, committed 512K, reserved 1048576K
Heap Regions: E=young(eden), S=young(survivor), O=old, HS=humongous(starts), HC=humongous(continues), CS=collection set, F=free, A=archive, TAMS=top-at-mark-start (previous, next)
|   0|0x000000008a400000, 0x000000008a400000, 0x000000008a500000|  0%| F|  |TAMS 0x000000008a400000, 0x000000008a400000| Untracked 
|   1|0x000000008a500000, 0x000000008a500000, 0x000000008a600000|  0%| F|  |TAMS 0x000000008a500000, 0x000000008a500000| Untracked 
|   2|0x000000008a600000, 0x000000008a600000, 0x000000008a700000|  0%| F|  |TAMS 0x000000008a600000, 0x000000008a600000| Untracked 
|   3|0x000000008a700000, 0x000000008a700000, 0x000000008a800000|  0%| F|  |TAMS 0x000000008a700000, 0x000000008a700000| Untracked 
|   4|0x000000008a800000, 0x000000008a800000, 0x000000008a900000|  0%| F|  |TAMS 0x000000008a800000, 0x000000008a800000| Untracked 
|   5|0x000000008a900000, 0x000000008a900000, 0x000000008aa00000|  0%| F|  |TAMS 0x000000008a900000, 0x000000008a900000| Untracked 
|   6|0x000000008aa00000, 0x000000008aa00000, 0x000000008ab00000|  0%| F|  |TAMS 0x000000008aa00000, 0x000000008aa00000| Untracked 
|   7|0x000000008ab00000, 0x000000008ab00000, 0x000000008ac00000|  0%| F|  |TAMS 0x000000008ab00000, 0x000000008ab00000| Untracked 
|   8|0x000000008ac00000, 0x000000008ac00000, 0x000000008ad00000|  0%| F|  |TAMS 0x000000008ac00000, 0x000000008ac00000| Untracked 
|   9|0x000000008ad00000, 0x000000008ad00000, 0x000000008ae00000|  0%| F|  |TAMS 0x000000008ad00000, 0x000000008ad00000| Untracked 
|  10|0x000000008ae00000, 0x000000008ae00000, 0x000000008af00000|  0%| F|  |TAMS 0x000000008ae00000, 0x000000008ae00000| Untracked 
|  11|0x000000008af00000, 0x000000008af00000, 0x000000008b000000|  0%| F|  |TAMS 0x000000008af00000, 0x000000008af00000| Untracked 
|  12|0x000000008b000000, 0x000000008b000000, 0x000000008b100000|  0%| F|  |TAMS 0x000000008b000000, 0x000000008b000000| Untracked 
|  13|0x000000008b100000, 0x000000008b100000, 0x000000008b200000|  0%| F|  |TAMS 0x000000008b100000, 0x000000008b100000| Untracked 
|  14|0x000000008b200000, 0x000000008b200000, 0x000000008b300000|  0%| F|  |TAMS 0x000000008b200000, 0x000000008b200000| Untracked 
|  15|0x000000008b300000, 0x000000008b300000, 0x000000008b400000|  0%| F|  |TAMS 0x000000008b300000, 0x000000008b300000| Untracked 
|  16|0x000000008b400000, 0x000000008b400000, 0x000000008b500000|  0%| F|  |TAMS 0x000000008b400000, 0x000000008b400000| Untracked 
|  17|0x000000008b500000, 0x000000008b500000, 0x000000008b600000|  0%| F|  |TAMS 0x000000008b500000, 0x000000008b500000| Untracked 
|  18|0x000000008b600000, 0x000000008b600000, 0x000000008b700000|  0%| F|  |TAMS 0x000000008b600000, 0x000000008b600000| Untracked 
|  19|0x000000008b700000, 0x000000008b700000, 0x000000008b800000|  0%| F|  |TAMS 0x000000008b700000, 0x000000008b700000| Untracked 
|  20|0x000000008b800000, 0x000000008b800000, 0x000000008b900000|  0%| F|  |TAMS 0x000000008b800000, 0x000000008b800000| Untracked 
|  21|0x000000008b900000, 0x000000008b900000, 0x000000008ba00000|  0%| F|  |TAMS 0x000000008b900000, 0x000000008b900000| Untracked 
|  22|0x000000008ba00000, 0x000000008ba00000, 0x000000008bb00000|  0%| F|  |TAMS 0x000000008ba00000, 0x000000008ba00000| Untracked 
|  23|0x000000008bb00000, 0x000000008bb00000, 0x000000008bc00000|  0%| F|  |TAMS 0x000000008bb00000, 0x000000008bb00000| Untracked 
|  24|0x000000008bc00000, 0x000000008bc00000, 0x000000008bd00000|  0%| F|  |TAMS 0x000000008bc00000, 0x000000008bc00000| Untracked 
|  25|0x000000008bd00000, 0x000000008bd00000, 0x000000008be00000|  0%| F|  |TAMS 0x000000008bd00000, 0x000000008bd00000| Untracked 
|  26|0x000000008be00000, 0x000000008be00000, 0x000000008bf00000|  0%| F|  |TAMS 0x000000008be00000, 0x000000008be00000| Untracked 
|  27|0x000000008bf00000, 0x000000008bf00000, 0x000000008c000000|  0%| F|  |TAMS 0x000000008bf00000, 0x000000008bf00000| Untracked 
|  28|0x000000008c000000, 0x000000008c000000, 0x000000008c100000|  0%| F|  |TAMS 0x000000008c000000, 0x000000008c000000| Untracked 
|  29|0x000000008c100000, 0x000000008c100000, 0x000000008c200000|  0%| F|  |TAMS 0x000000008c100000, 0x000000008c100000| Untracked 
|  30|0x000000008c200000, 0x000000008c200000, 0x000000008c300000|  0%| F|  |TAMS 0x000000008c200000, 0x000000008c200000| Untracked 
|  31|0x000000008c300000, 0x000000008c300000, 0x000000008c400000|  0%| F|  |TAMS 0x000000008c300000, 0x000000008c300000| Untracked 
|  32|0x000000008c400000, 0x000000008c400000, 0x000000008c500000|  0%| F|  |TAMS 0x000000008c400000, 0x000000008c400000| Untracked 
|  33|0x000000008c500000, 0x000000008c500000, 0x000000008c600000|  0%| F|  |TAMS 0x000000008c500000, 0x000000008c500000| Untracked 
|  34|0x000000008c600000, 0x000000008c600000, 0x000000008c700000|  0%| F|  |TAMS 0x000000008c600000, 0x000000008c600000| Untracked 
|  35|0x000000008c700000, 0x000000008c700000, 0x000000008c800000|  0%| F|  |TAMS 0x000000008c700000, 0x000000008c700000| Untracked 
|  36|0x000000008c800000, 0x000000008c800000, 0x000000008c900000|  0%| F|  |TAMS 0x000000008c800000, 0x000000008c800000| Untracked 
|  37|0x000000008c900000, 0x000000008c900000, 0x000000008ca00000|  0%| F|  |TAMS 0x000000008c900000, 0x000000008c900000| Untracked 
|  38|0x000000008ca00000, 0x000000008ca00000, 0x000000008cb00000|  0%| F|  |TAMS 0x000000008ca00000, 0x000000008ca00000| Untracked 
|  39|0x000000008cb00000, 0x000000008cb00000, 0x000000008cc00000|  0%| F|  |TAMS 0x000000008cb00000, 0x000000008cb00000| Untracked 
|  40|0x000000008cc00000, 0x000000008cc00000, 0x000000008cd00000|  0%| F|  |TAMS 0x000000008cc00000, 0x000000008cc00000| Untracked 
|  41|0x000000008cd00000, 0x000000008cd00000, 0x000000008ce00000|  0%| F|  |TAMS 0x000000008cd00000, 0x000000008cd00000| Untracked 
|  42|0x000000008ce00000, 0x000000008ce00000, 0x000000008cf00000|  0%| F|  |TAMS 0x000000008ce00000, 0x000000008ce00000| Untracked 
|  43|0x000000008cf00000, 0x000000008cf00000, 0x000000008d000000|  0%| F|  |TAMS 0x000000008cf00000, 0x000000008cf00000| Untracked 
|  44|0x000000008d000000, 0x000000008d000000, 0x000000008d100000|  0%| F|  |TAMS 0x000000008d000000, 0x000000008d000000| Untracked 
|  45|0x000000008d100000, 0x000000008d100000, 0x000000008d200000|  0%| F|  |TAMS 0x000000008d100000, 0x000000008d100000| Untracked 
|  46|0x000000008d200000, 0x000000008d200000, 0x000000008d300000|  0%| F|  |TAMS 0x000000008d200000, 0x000000008d200000| Untracked 
|  47|0x000000008d300000, 0x000000008d300000, 0x000000008d400000|  0%| F|  |TAMS 0x000000008d300000, 0x000000008d300000| Untracked 
|  48|0x000000008d400000, 0x000000008d400000, 0x000000008d500000|  0%| F|  |TAMS 0x000000008d400000, 0x000000008d400000| Untracked 
|  49|0x000000008d500000, 0x000000008d500000, 0x000000008d600000|  0%| F|  |TAMS 0x000000008d500000, 0x000000008d500000| Untracked 
|  50|0x000000008d600000, 0x000000008d600000, 0x000000008d700000|  0%| F|  |TAMS 0x000000008d600000, 0x000000008d600000| Untracked 
|  51|0x000000008d700000, 0x000000008d700000, 0x000000008d800000|  0%| F|  |TAMS 0x000000008d700000, 0x000000008d700000| Untracked 
|  52|0x000000008d800000, 0x000000008d800000, 0x000000008d900000|  0%| F|  |TAMS 0x000000008d800000, 0x000000008d800000| Untracked 
|  53|0x000000008d900000, 0x000000008d900000, 0x000000008da00000|  0%| F|  |TAMS 0x000000008d900000, 0x000000008d900000| Untracked 
|  54|0x000000008da00000, 0x000000008da00000, 0x000000008db00000|  0%| F|  |TAMS 0x000000008da00000, 0x000000008da00000| Untracked 
|  55|0x000000008db00000, 0x000000008db00000, 0x000000008dc00000|  0%| F|  |TAMS 0x000000008db00000, 0x000000008db00000| Untracked 
|  56|0x000000008dc00000, 0x000000008dc00000, 0x000000008dd00000|  0%| F|  |TAMS 0x000000008dc00000, 0x000000008dc00000| Untracked 
|  57|0x000000008dd00000, 0x000000008dd00000, 0x000000008de00000|  0%| F|  |TAMS 0x000000008dd00000, 0x000000008dd00000| Untracked 
|  58|0x000000008de00000, 0x000000008de00000, 0x000000008df00000|  0%| F|  |TAMS 0x000000008de00000, 0x000000008de00000| Untracked 
|  59|0x000000008df00000, 0x000000008df00000, 0x000000008e000000|  0%| F|  |TAMS 0x000000008df00000, 0x000000008df00000| Untracked 
|  60|0x000000008e000000, 0x000000008e000000, 0x000000008e100000|  0%| F|  |TAMS 0x000000008e000000, 0x000000008e000000| Untracked 
|  61|0x000000008e100000, 0x000000008e100000, 0x000000008e200000|  0%| F|  |TAMS 0x000000008e100000, 0x000000008e100000| Untracked 
|  62|0x000000008e200000, 0x000000008e200000, 0x000000008e300000|  0%| F|  |TAMS 0x000000008e200000, 0x000000008e200000| Untracked 
|  63|0x000000008e300000, 0x000000008e300000, 0x000000008e400000|  0%| F|  |TAMS 0x000000008e300000, 0x000000008e300000| Untracked 
|  64|0x000000008e400000, 0x000000008e400000, 0x000000008e500000|  0%| F|  |TAMS 0x000000008e400000, 0x000000008e400000| Untracked 
|  65|0x000000008e500000, 0x000000008e500000, 0x000000008e600000|  0%| F|  |TAMS 0x000000008e500000, 0x000000008e500000| Untracked 
|  66|0x000000008e600000, 0x000000008e600000, 0x000000008e700000|  0%| F|  |TAMS 0x000000008e600000, 0x000000008e600000| Untracked 
|  67|0x000000008e700000, 0x000000008e700000, 0x000000008e800000|  0%| F|  |TAMS 0x000000008e700000, 0x000000008e700000| Untracked 
|  68|0x000000008e800000, 0x000000008e800000, 0x000000008e900000|  0%| F|  |TAMS 0x000000008e800000, 0x000000008e800000| Untracked 
|  69|0x000000008e900000, 0x000000008e900000, 0x000000008ea00000|  0%| F|  |TAMS 0x000000008e900000, 0x000000008e900000| Untracked 
|  70|0x000000008ea00000, 0x000000008ea00000, 0x000000008eb00000|  0%| F|  |TAMS 0x000000008ea00000, 0x000000008ea00000| Untracked 
|  71|0x000000008eb00000, 0x000000008eb00000, 0x000000008ec00000|  0%| F|  |TAMS 0x000000008eb00000, 0x000000008eb00000| Untracked 
|  72|0x000000008ec00000, 0x000000008ec00000, 0x000000008ed00000|  0%| F|  |TAMS 0x000000008ec00000, 0x000000008ec00000| Untracked 
|  73|0x000000008ed00000, 0x000000008ed00000, 0x000000008ee00000|  0%| F|  |TAMS 0x000000008ed00000, 0x000000008ed00000| Untracked 
|  74|0x000000008ee00000, 0x000000008ee00000, 0x000000008ef00000|  0%| F|  |TAMS 0x000000008ee00000, 0x000000008ee00000| Untracked 
|  75|0x000000008ef00000, 0x000000008ef00000, 0x000000008f000000|  0%| F|  |TAMS 0x000000008ef00000, 0x000000008ef00000| Untracked 
|  76|0x000000008f000000, 0x000000008f000000, 0x000000008f100000|  0%| F|  |TAMS 0x000000008f000000, 0x000000008f000000| Untracked 
|  77|0x000000008f100000, 0x000000008f100000, 0x000000008f200000|  0%| F|  |TAMS 0x000000008f100000, 0x000000008f100000| Untracked 
|  78|0x000000008f200000, 0x000000008f200000, 0x000000008f300000|  0%| F|  |TAMS 0x000000008f200000, 0x000000008f200000| Untracked 
|  79|0x000000008f300000, 0x000000008f300000, 0x000000008f400000|  0%| F|  |TAMS 0x000000008f300000, 0x000000008f300000| Untracked 
|  80|0x000000008f400000, 0x000000008f400000, 0x000000008f500000|  0%| F|  |TAMS 0x000000008f400000, 0x000000008f400000| Untracked 
|  81|0x000000008f500000, 0x000000008f500000, 0x000000008f600000|  0%| F|  |TAMS 0x000000008f500000, 0x000000008f500000| Untracked 
|  82|0x000000008f600000, 0x000000008f600000, 0x000000008f700000|  0%| F|  |TAMS 0x000000008f600000, 0x000000008f600000| Untracked 
|  83|0x000000008f700000, 0x000000008f700000, 0x000000008f800000|  0%| F|  |TAMS 0x000000008f700000, 0x000000008f700000| Untracked 
|  84|0x000000008f800000, 0x000000008f800000, 0x000000008f900000|  0%| F|  |TAMS 0x000000008f800000, 0x000000008f800000| Untracked 
|  85|0x000000008f900000, 0x000000008f900000, 0x000000008fa00000|  0%| F|  |TAMS 0x000000008f900000, 0x000000008f900000| Untracked 
|  86|0x000000008fa00000, 0x000000008fa00000, 0x000000008fb00000|  0%| F|  |TAMS 0x000000008fa00000, 0x000000008fa00000| Untracked 
|  87|0x000000008fb00000, 0x000000008fb00000, 0x000000008fc00000|  0%| F|  |TAMS 0x000000008fb00000, 0x000000008fb00000| Untracked 
|  88|0x000000008fc00000, 0x000000008fc00000, 0x000000008fd00000|  0%| F|  |TAMS 0x000000008fc00000, 0x000000008fc00000| Untracked 
|  89|0x000000008fd00000, 0x000000008fd00000, 0x000000008fe00000|  0%| F|  |TAMS 0x000000008fd00000, 0x000000008fd00000| Untracked 
|  90|0x000000008fe00000, 0x000000008fe00000, 0x000000008ff00000|  0%| F|  |TAMS 0x000000008fe00000, 0x000000008fe00000| Untracked 
|  91|0x000000008ff00000, 0x000000008ff00000, 0x0000000090000000|  0%| F|  |TAMS 0x000000008ff00000, 0x000000008ff00000| Untracked 
|  92|0x0000000090000000, 0x0000000090000000, 0x0000000090100000|  0%| F|  |TAMS 0x0000000090000000, 0x0000000090000000| Untracked 
|  93|0x0000000090100000, 0x0000000090100000, 0x0000000090200000|  0%| F|  |TAMS 0x0000000090100000, 0x0000000090100000| Untracked 
|  94|0x0000000090200000, 0x0000000090200000, 0x0000000090300000|  0%| F|  |TAMS 0x0000000090200000, 0x0000000090200000| Untracked 
|  95|0x0000000090300000, 0x0000000090300000, 0x0000000090400000|  0%| F|  |TAMS 0x0000000090300000, 0x0000000090300000| Untracked 
|  96|0x0000000090400000, 0x0000000090400000, 0x0000000090500000|  0%| F|  |TAMS 0x0000000090400000, 0x0000000090400000| Untracked 
|  97|0x0000000090500000, 0x0000000090500000, 0x0000000090600000|  0%| F|  |TAMS 0x0000000090500000, 0x0000000090500000| Untracked 
|  98|0x0000000090600000, 0x0000000090600000, 0x0000000090700000|  0%| F|  |TAMS 0x0000000090600000, 0x0000000090600000| Untracked 
|  99|0x0000000090700000, 0x0000000090700000, 0x0000000090800000|  0%| F|  |TAMS 0x0000000090700000, 0x0000000090700000| Untracked 
| 100|0x0000000090800000, 0x0000000090800000, 0x0000000090900000|  0%| F|  |TAMS 0x0000000090800000, 0x0000000090800000| Untracked 
| 101|0x0000000090900000, 0x0000000090900000, 0x0000000090a00000|  0%| F|  |TAMS 0x0000000090900000, 0x0000000090900000| Untracked 
| 102|0x0000000090a00000, 0x0000000090a00000, 0x0000000090b00000|  0%| F|  |TAMS 0x0000000090a00000, 0x0000000090a00000| Untracked 
| 103|0x0000000090b00000, 0x0000000090b00000, 0x0000000090c00000|  0%| F|  |TAMS 0x0000000090b00000, 0x0000000090b00000| Untracked 
| 104|0x0000000090c00000, 0x0000000090c00000, 0x0000000090d00000|  0%| F|  |TAMS 0x0000000090c00000, 0x0000000090c00000| Untracked 
| 105|0x0000000090d00000, 0x0000000090d00000, 0x0000000090e00000|  0%| F|  |TAMS 0x0000000090d00000, 0x0000000090d00000| Untracked 
| 106|0x0000000090e00000, 0x0000000090e00000, 0x0000000090f00000|  0%| F|  |TAMS 0x0000000090e00000, 0x0000000090e00000| Untracked 
| 107|0x0000000090f00000, 0x0000000090f00000, 0x0000000091000000|  0%| F|  |TAMS 0x0000000090f00000, 0x0000000090f00000| Untracked 
| 108|0x0000000091000000, 0x0000000091000000, 0x0000000091100000|  0%| F|  |TAMS 0x0000000091000000, 0x0000000091000000| Untracked 
| 109|0x0000000091100000, 0x0000000091100000, 0x0000000091200000|  0%| F|  |TAMS 0x0000000091100000, 0x0000000091100000| Untracked 
| 110|0x0000000091200000, 0x0000000091200000, 0x0000000091300000|  0%| F|  |TAMS 0x0000000091200000, 0x0000000091200000| Untracked 
| 111|0x0000000091300000, 0x0000000091300000, 0x0000000091400000|  0%| F|  |TAMS 0x0000000091300000, 0x0000000091300000| Untracked 
| 112|0x0000000091400000, 0x000000009146cda8, 0x0000000091500000| 42%| E|  |TAMS 0x0000000091400000, 0x0000000091400000| Complete 
| 113|0x0000000091500000, 0x0000000091600000, 0x0000000091600000|100%| E|CS|TAMS 0x0000000091500000, 0x0000000091500000| Complete 
| 114|0x0000000091600000, 0x0000000091700000, 0x0000000091700000|100%| E|CS|TAMS 0x0000000091600000, 0x0000000091600000| Complete 
| 115|0x0000000091700000, 0x0000000091800000, 0x0000000091800000|100%| E|CS|TAMS 0x0000000091700000, 0x0000000091700000| Complete 
| 116|0x0000000091800000, 0x0000000091900000, 0x0000000091900000|100%| E|CS|TAMS 0x0000000091800000, 0x0000000091800000| Complete 
| 117|0x0000000091900000, 0x0000000091a00000, 0x0000000091a00000|100%| E|CS|TAMS 0x0000000091900000, 0x0000000091900000| Complete 
|1882|0x00000000ffe00000, 0x00000000ffe35000, 0x00000000fff00000| 20%|OA|  |TAMS 0x00000000ffe00000, 0x00000000ffe00000| Untracked 
|1883|0x00000000fff00000, 0x00000000fff6a000, 0x0000000100000000| 41%|CA|  |TAMS 0x00000000fff00000, 0x00000000fff00000| Untracked 

Card table byte_map: [0x00007f8970d26000,0x00007f89710d4000] _byte_map_base: 0x00007f89708d4000

Marking Bits (Prev, Next): (CMBitMap*) 0x00007f896c04f418, (CMBitMap*) 0x00007f896c04f450
 Prev Bits: [0x00007f894e290000, 0x00007f8950000000)
 Next Bits: [0x00007f894c520000, 0x00007f894e290000)

Polling page: 0x00007f8973394000

Metaspace:

Usage:
  Non-class:      4.46 MB capacity,     2.64 MB ( 59%) used,     1.82 MB ( 41%) free+waste,     4.75 KB ( <1%) overhead. 
      Class:    461.00 KB capacity,   273.44 KB ( 59%) used,   185.00 KB ( 40%) free+waste,     2.56 KB ( <1%) overhead. 
       Both:      4.91 MB capacity,     2.90 MB ( 59%) used,     2.00 MB ( 41%) free+waste,     7.31 KB ( <1%) overhead. 

Virtual space:
  Non-class space:        8.00 MB reserved,       4.75 MB ( 59%) committed 
      Class space:        1.00 GB reserved,     512.00 KB ( <1%) committed 
             Both:        1.01 GB reserved,       5.25 MB ( <1%) committed 

Chunk freelists:
   Non-Class:  46.00 KB
       Class:  0 bytes
        Both:  46.00 KB

CodeHeap 'non-profiled nmethods': size=120036Kb used=144Kb max_used=144Kb free=119891Kb
 bounds [0x00007f895c445000, 0x00007f895c6b5000, 0x00007f896397e000]
CodeHeap 'profiled nmethods': size=120032Kb used=653Kb max_used=653Kb free=119378Kb
 bounds [0x00007f8954f0d000, 0x00007f895517d000, 0x00007f895c445000]
CodeHeap 'non-nmethods': size=5692Kb used=1126Kb max_used=1140Kb free=4565Kb
 bounds [0x00007f895497e000, 0x00007f8954bee000, 0x00007f8954f0d000]
 total_blobs=929 nmethods=447 adapters=286
 compilation: enabled
              stopped_count=0, restarted_count=0
 full_count=0

Compilation events (10 events):
Event: 2135.150 Thread 0x00007f896c16b800 nmethod 444 0x00007f8954fad310 code [0x00007f8954fad4c0, 0x00007f8954fad6b0]
Event: 2135.150 Thread 0x00007f896c16b800  445       3       org.eclipse.jdt.launching.internal.org.objectweb.asm.ByteVector::putByteArray (49 bytes)
Event: 2135.150 Thread 0x00007f896c16b800 nmethod 445 0x00007f8954fad790 code [0x00007f8954fad960, 0x00007f8954fadc98]
Event: 2135.156 Thread 0x00007f896c169800 nmethod 441 0x00007f895c468010 code [0x00007f895c4681e0, 0x00007f895c468788]
Event: 2135.156 Thread 0x00007f896c169800  443       4       org.eclipse.jdt.launching.internal.org.objectweb.asm.ByteVector::putShort (52 bytes)
Event: 2135.159 Thread 0x00007f896c169800 nmethod 443 0x00007f895c468b90 code [0x00007f895c468d40, 0x00007f895c468f28]
Event: 2202.597 Thread 0x00007f896c16b800  446       3       org.eclipse.jdt.launching.internal.org.objectweb.asm.MethodWriter::visitJumpInsn (495 bytes)
Event: 2202.607 Thread 0x00007f896c16b800 nmethod 446 0x00007f8954fadd90 code [0x00007f8954fae120, 0x00007f8954faf5e8]
Event: 2202.607 Thread 0x00007f896c16b800  447       3       org.eclipse.jdt.launching.internal.org.objectweb.asm.Label::put (83 bytes)
Event: 2202.607 Thread 0x00007f896c16b800 nmethod 447 0x00007f8954fafe10 code [0x00007f8954fb0040, 0x00007f8954fb04b8]

GC Heap History (0 events):
No events

Deoptimization events (4 events):
Event: 0.598 Thread 0x00007f896c013000 Uncommon trap: reason=unstable_if action=reinterpret pc=0x00007f895c452aac method=java.util.HashMap.putVal(ILjava/lang/Object;Ljava/lang/Object;ZZ)Ljava/lang/Object; @ 69 c2
Event: 0.809 Thread 0x00007f896c013000 Uncommon trap: reason=unstable_if action=reinterpret pc=0x00007f895c44ca48 method=java.lang.String.isLatin1()Z @ 10 c2
Event: 0.809 Thread 0x00007f896c013000 Uncommon trap: reason=unstable_if action=reinterpret pc=0x00007f895c453b80 method=java.lang.String.isLatin1()Z @ 10 c2
Event: 0.809 Thread 0x00007f896c013000 Uncommon trap: reason=unstable_if action=reinterpret pc=0x00007f895c45528c method=java.lang.String.isLatin1()Z @ 10 c2

Classes redefined (8 events):
Event: 26.187 Thread 0x00007f896c15d000 redefined class name=com.bridgelabzs.datastructure.OrderedList, count=1
Event: 71.519 Thread 0x00007f896c15d000 redefined class name=com.bridgelabzs.datastructure.OrderedList, count=2
Event: 732.417 Thread 0x00007f896c15d000 redefined class name=com.bridgelabzs.datastructure.OrderedList, count=3
Event: 827.103 Thread 0x00007f896c15d000 redefined class name=com.bridgelabzs.datastructure.Linked_List, count=1
Event: 917.190 Thread 0x00007f896c15d000 redefined class name=com.bridgelabzs.datastructure.Linked_List, count=2
Event: 2135.153 Thread 0x00007f896c15d000 redefined class name=com.bridgelabzs.datastructure.Linked_List, count=3
Event: 2202.602 Thread 0x00007f896c15d000 redefined class name=com.bridgelabzs.datastructure.OrderedList, count=4
Event: 2216.968 Thread 0x00007f896c15d000 redefined class name=com.bridgelabzs.datastructure.OrderedList, count=5

Internal exceptions (1 events):
Event: 0.849 Thread 0x00007f896c013000 Exception <a 'java/lang/NoSuchMethodError'{0x00000000915390e8}: java.lang.invoke.DirectMethodHandle$Holder.invokeSpecialIFC(Ljava/lang/Object;Ljava/lang/Object;I)I> (0x00000000915390e8) thrown at [/build/openjdk-lts-WvAz7S/openjdk-lts-11.0.3+7/src/hotspot

Events (10 events):
Event: 4605.009 Executing VM operation: GetOwnedMonitorInfo done
Event: 4605.009 Executing VM operation: GetCurrentContendedMonitor
Event: 4605.009 Executing VM operation: GetCurrentContendedMonitor done
Event: 4605.842 Executing VM operation: GetFrameCount
Event: 4605.842 Executing VM operation: GetFrameCount done
Event: 4605.843 Executing VM operation: GetOwnedMonitorInfo
Event: 4605.843 Executing VM operation: GetOwnedMonitorInfo done
Event: 4605.843 Executing VM operation: GetCurrentContendedMonitor
Event: 4605.843 Executing VM operation: GetCurrentContendedMonitor done
Event: 4613.218 Executing VM operation: GetOrSetLocal


Dynamic libraries:
8a400000-91a00000 rw-p 00000000 00:00 0 
91a00000-ffe00000 ---p 00000000 00:00 0 
ffe00000-ffe35000 rw-p 0111e000 b3:02 678072                             /usr/lib/jvm/java-11-openjdk-amd64/lib/server/classes.jsa
ffe35000-fff00000 rw-p 00000000 00:00 0 
fff00000-fff6a000 rw-p 010b4000 b3:02 678072                             /usr/lib/jvm/java-11-openjdk-amd64/lib/server/classes.jsa
fff6a000-100000000 rw-p 00000000 00:00 0 
800000000-800002000 rwxp 00001000 b3:02 678072                           /usr/lib/jvm/java-11-openjdk-amd64/lib/server/classes.jsa
800002000-8010b3000 rw-p 00003000 b3:02 678072                           /usr/lib/jvm/java-11-openjdk-amd64/lib/server/classes.jsa
840000000-840080000 rw-p 00000000 00:00 0 
840080000-880000000 ---p 00000000 00:00 0 
55bf96b91000-55bf96b92000 r--p 00000000 b3:02 275294                     /usr/lib/jvm/java-11-openjdk-amd64/bin/java
55bf96b92000-55bf96b93000 r-xp 00001000 b3:02 275294                     /usr/lib/jvm/java-11-openjdk-amd64/bin/java
55bf96b93000-55bf96b94000 r--p 00002000 b3:02 275294                     /usr/lib/jvm/java-11-openjdk-amd64/bin/java
55bf96b94000-55bf96b95000 r--p 00002000 b3:02 275294                     /usr/lib/jvm/java-11-openjdk-amd64/bin/java
55bf96b95000-55bf96b96000 rw-p 00003000 b3:02 275294                     /usr/lib/jvm/java-11-openjdk-amd64/bin/java
55bf96f6b000-55bf96fae000 rw-p 00000000 00:00 0                          [heap]
7f8914000000-7f8914021000 rw-p 00000000 00:00 0 
7f8914021000-7f8918000000 ---p 00000000 00:00 0 
7f8918000000-7f891806d000 rw-p 00000000 00:00 0 
7f891806d000-7f891c000000 ---p 00000000 00:00 0 
7f891c000000-7f891c12b000 rw-p 00000000 00:00 0 
7f891c12b000-7f8920000000 ---p 00000000 00:00 0 
7f8920000000-7f8920021000 rw-p 00000000 00:00 0 
7f8920021000-7f8924000000 ---p 00000000 00:00 0 
7f8924000000-7f8924021000 rw-p 00000000 00:00 0 
7f8924021000-7f8928000000 ---p 00000000 00:00 0 
7f8928000000-7f89281cb000 rw-p 00000000 00:00 0 
7f89281cb000-7f892c000000 ---p 00000000 00:00 0 
7f892c000000-7f892c021000 rw-p 00000000 00:00 0 
7f892c021000-7f8930000000 ---p 00000000 00:00 0 
7f8930000000-7f8930021000 rw-p 00000000 00:00 0 
7f8930021000-7f8934000000 ---p 00000000 00:00 0 
7f8934000000-7f8934021000 rw-p 00000000 00:00 0 
7f8934021000-7f8938000000 ---p 00000000 00:00 0 
7f8938000000-7f8938023000 rw-p 00000000 00:00 0 
7f8938023000-7f893c000000 ---p 00000000 00:00 0 
7f893c000000-7f893c021000 rw-p 00000000 00:00 0 
7f893c021000-7f8940000000 ---p 00000000 00:00 0 
7f8940000000-7f8940021000 rw-p 00000000 00:00 0 
7f8940021000-7f8944000000 ---p 00000000 00:00 0 
7f8944d1f000-7f8944d20000 ---p 00000000 00:00 0 
7f8944d20000-7f8944e21000 rw-p 00000000 00:00 0 
7f8944e21000-7f8944e25000 ---p 00000000 00:00 0 
7f8944e25000-7f8944f22000 rw-p 00000000 00:00 0 
7f8944f22000-7f8944f26000 ---p 00000000 00:00 0 
7f8944f26000-7f8945023000 rw-p 00000000 00:00 0 
7f8945023000-7f8945027000 ---p 00000000 00:00 0 
7f8945027000-7f8945124000 rw-p 00000000 00:00 0 
7f8945124000-7f8945128000 ---p 00000000 00:00 0 
7f8945128000-7f8945225000 rw-p 00000000 00:00 0 
7f8945225000-7f8946000000 r--p 00000000 b3:02 791043                     /usr/lib/locale/locale-archive
7f8946000000-7f8948000000 rw-p 00000000 00:00 0 
7f8948000000-7f8948021000 rw-p 00000000 00:00 0 
7f8948021000-7f894c000000 ---p 00000000 00:00 0 
7f894c01b000-7f894c01f000 ---p 00000000 00:00 0 
7f894c01f000-7f894c11c000 rw-p 00000000 00:00 0 
7f894c11c000-7f894c120000 ---p 00000000 00:00 0 
7f894c120000-7f894c21d000 rw-p 00000000 00:00 0 
7f894c21d000-7f894c221000 ---p 00000000 00:00 0 
7f894c221000-7f894c31e000 rw-p 00000000 00:00 0 
7f894c31e000-7f894c322000 ---p 00000000 00:00 0 
7f894c322000-7f894c41f000 rw-p 00000000 00:00 0 
7f894c41f000-7f894c423000 ---p 00000000 00:00 0 
7f894c423000-7f894c6f8000 rw-p 00000000 00:00 0 
7f894c6f8000-7f894e288000 ---p 00000000 00:00 0 
7f894e288000-7f894e468000 rw-p 00000000 00:00 0 
7f894e468000-7f894fff8000 ---p 00000000 00:00 0 
7f894fff8000-7f8950000000 rw-p 00000000 00:00 0 
7f8950000000-7f8950021000 rw-p 00000000 00:00 0 
7f8950021000-7f8954000000 ---p 00000000 00:00 0 
7f895407d000-7f8954081000 ---p 00000000 00:00 0 
7f8954081000-7f895463e000 rw-p 00000000 00:00 0 
7f895463e000-7f895497e000 ---p 00000000 00:00 0 
7f895497e000-7f8954bee000 rwxp 00000000 00:00 0 
7f8954bee000-7f8954f0d000 ---p 00000000 00:00 0 
7f8954f0d000-7f895517d000 rwxp 00000000 00:00 0 
7f895517d000-7f895c445000 ---p 00000000 00:00 0 
7f895c445000-7f895c6b5000 rwxp 00000000 00:00 0 
7f895c6b5000-7f896397e000 ---p 00000000 00:00 0 
7f896397e000-7f896c000000 r--s 00000000 b3:02 677899                     /usr/lib/jvm/java-11-openjdk-amd64/lib/modules
7f896c000000-7f896c30c000 rw-p 00000000 00:00 0 
7f896c30c000-7f8970000000 ---p 00000000 00:00 0 
7f8970010000-7f8970011000 r--p 00000000 b3:02 677865                     /usr/lib/jvm/java-11-openjdk-amd64/lib/libdt_socket.so
7f8970011000-7f8970014000 r-xp 00001000 b3:02 677865                     /usr/lib/jvm/java-11-openjdk-amd64/lib/libdt_socket.so
7f8970014000-7f8970015000 r--p 00004000 b3:02 677865                     /usr/lib/jvm/java-11-openjdk-amd64/lib/libdt_socket.so
7f8970015000-7f8970016000 r--p 00004000 b3:02 677865                     /usr/lib/jvm/java-11-openjdk-amd64/lib/libdt_socket.so
7f8970016000-7f8970017000 rw-p 00005000 b3:02 677865                     /usr/lib/jvm/java-11-openjdk-amd64/lib/libdt_socket.so
7f8970017000-7f897001e000 r--s 00000000 b3:02 921513                     /usr/lib/x86_64-linux-gnu/gconv/gconv-modules.cache
7f8970024000-7f8970028000 r--p 00000000 b3:02 677889                     /usr/lib/jvm/java-11-openjdk-amd64/lib/libnet.so
7f8970028000-7f8970037000 r-xp 00004000 b3:02 677889                     /usr/lib/jvm/java-11-openjdk-amd64/lib/libnet.so
7f8970037000-7f897003b000 r--p 00013000 b3:02 677889                     /usr/lib/jvm/java-11-openjdk-amd64/lib/libnet.so
7f897003b000-7f897003c000 r--p 00016000 b3:02 677889                     /usr/lib/jvm/java-11-openjdk-amd64/lib/libnet.so
7f897003c000-7f897003d000 rw-p 00017000 b3:02 677889                     /usr/lib/jvm/java-11-openjdk-amd64/lib/libnet.so
7f897003d000-7f8970044000 r--p 00000000 b3:02 677890                     /usr/lib/jvm/java-11-openjdk-amd64/lib/libnio.so
7f8970044000-7f897004b000 r-xp 00007000 b3:02 677890                     /usr/lib/jvm/java-11-openjdk-amd64/lib/libnio.so
7f897004b000-7f897004e000 r--p 0000e000 b3:02 677890                     /usr/lib/jvm/java-11-openjdk-amd64/lib/libnio.so
7f897004e000-7f897004f000 r--p 00010000 b3:02 677890                     /usr/lib/jvm/java-11-openjdk-amd64/lib/libnio.so
7f897004f000-7f8970050000 rw-p 00011000 b3:02 677890                     /usr/lib/jvm/java-11-openjdk-amd64/lib/libnio.so
7f8970050000-7f8970054000 ---p 00000000 00:00 0 
7f8970054000-7f8970151000 rw-p 00000000 00:00 0 
7f8970151000-7f8970152000 ---p 00000000 00:00 0 
7f8970152000-7f897032f000 rw-p 00000000 00:00 0 
7f897032f000-7f8970330000 ---p 00000000 00:00 0 
7f8970330000-7f8970431000 rw-p 00000000 00:00 0 
7f8970431000-7f8970432000 ---p 00000000 00:00 0 
7f8970432000-7f8970735000 rw-p 00000000 00:00 0 
7f8970735000-7f8970736000 ---p 00000000 00:00 0 
7f8970736000-7f8970837000 rw-p 00000000 00:00 0 
7f8970837000-7f8970838000 ---p 00000000 00:00 0 
7f8970838000-7f89709b3000 rw-p 00000000 00:00 0 
7f89709b3000-7f8970d25000 ---p 00000000 00:00 0 
7f8970d25000-7f8970d61000 rw-p 00000000 00:00 0 
7f8970d61000-7f89710d3000 ---p 00000000 00:00 0 
7f89710d3000-7f897110f000 rw-p 00000000 00:00 0 
7f897110f000-7f8971481000 ---p 00000000 00:00 0 
7f8971481000-7f8971684000 rw-p 00000000 00:00 0 
7f8971684000-7f8971685000 ---p 00000000 00:00 0 
7f8971685000-7f897178b000 rw-p 00000000 00:00 0 
7f897178b000-7f8971871000 ---p 00000000 00:00 0 
7f8971871000-7f8971876000 rw-p 00000000 00:00 0 
7f8971876000-7f897195c000 ---p 00000000 00:00 0 
7f897195c000-7f8971961000 rw-p 00000000 00:00 0 
7f8971961000-7f8971968000 ---p 00000000 00:00 0 
7f8971968000-7f897196a000 r--p 00000000 b3:02 677881                     /usr/lib/jvm/java-11-openjdk-amd64/lib/libjimage.so
7f897196a000-7f897196d000 r-xp 00002000 b3:02 677881                     /usr/lib/jvm/java-11-openjdk-amd64/lib/libjimage.so
7f897196d000-7f897196f000 r--p 00005000 b3:02 677881                     /usr/lib/jvm/java-11-openjdk-amd64/lib/libjimage.so
7f897196f000-7f8971970000 r--p 00006000 b3:02 677881                     /usr/lib/jvm/java-11-openjdk-amd64/lib/libjimage.so
7f8971970000-7f8971971000 rw-p 00007000 b3:02 677881                     /usr/lib/jvm/java-11-openjdk-amd64/lib/libjimage.so
7f8971971000-7f8971974000 r--p 00000000 b3:02 529257                     /lib/x86_64-linux-gnu/libnss_files-2.28.so
7f8971974000-7f897197b000 r-xp 00003000 b3:02 529257                     /lib/x86_64-linux-gnu/libnss_files-2.28.so
7f897197b000-7f897197e000 r--p 0000a000 b3:02 529257                     /lib/x86_64-linux-gnu/libnss_files-2.28.so
7f897197e000-7f897197f000 r--p 0000c000 b3:02 529257                     /lib/x86_64-linux-gnu/libnss_files-2.28.so
7f897197f000-7f8971980000 rw-p 0000d000 b3:02 529257                     /lib/x86_64-linux-gnu/libnss_files-2.28.so
7f8971980000-7f8971986000 rw-p 00000000 00:00 0 
7f897198b000-7f897198d000 r--p 00000000 b3:02 677898                     /usr/lib/jvm/java-11-openjdk-amd64/lib/libzip.so
7f897198d000-7f8971991000 r-xp 00002000 b3:02 677898                     /usr/lib/jvm/java-11-openjdk-amd64/lib/libzip.so
7f8971991000-7f8971993000 r--p 00006000 b3:02 677898                     /usr/lib/jvm/java-11-openjdk-amd64/lib/libzip.so
7f8971993000-7f8971994000 r--p 00007000 b3:02 677898                     /usr/lib/jvm/java-11-openjdk-amd64/lib/libzip.so
7f8971994000-7f8971995000 rw-p 00008000 b3:02 677898                     /usr/lib/jvm/java-11-openjdk-amd64/lib/libzip.so
7f8971995000-7f897199d000 rw-s 00000000 b3:02 134701                     /tmp/hsperfdata_user/24413
7f897199d000-7f897199f000 r--p 00000000 b3:02 677869                     /usr/lib/jvm/java-11-openjdk-amd64/lib/libinstrument.so
7f897199f000-7f89719a5000 r-xp 00002000 b3:02 677869                     /usr/lib/jvm/java-11-openjdk-amd64/lib/libinstrument.so
7f89719a5000-7f89719a8000 r--p 00008000 b3:02 677869                     /usr/lib/jvm/java-11-openjdk-amd64/lib/libinstrument.so
7f89719a8000-7f89719a9000 r--p 0000a000 b3:02 677869                     /usr/lib/jvm/java-11-openjdk-amd64/lib/libinstrument.so
7f89719a9000-7f89719aa000 rw-p 0000b000 b3:02 677869                     /usr/lib/jvm/java-11-openjdk-amd64/lib/libinstrument.so
7f89719aa000-7f89719ac000 r--p 00000000 b3:02 677880                     /usr/lib/jvm/java-11-openjdk-amd64/lib/libjdwp.so
7f89719ac000-7f89719d8000 r-xp 00002000 b3:02 677880                     /usr/lib/jvm/java-11-openjdk-amd64/lib/libjdwp.so
7f89719d8000-7f89719e6000 r--p 0002e000 b3:02 677880                     /usr/lib/jvm/java-11-openjdk-amd64/lib/libjdwp.so
7f89719e6000-7f89719e7000 r--p 0003b000 b3:02 677880                     /usr/lib/jvm/java-11-openjdk-amd64/lib/libjdwp.so
7f89719e7000-7f89719e8000 rw-p 0003c000 b3:02 677880                     /usr/lib/jvm/java-11-openjdk-amd64/lib/libjdwp.so
7f89719e8000-7f89719f5000 r--p 00000000 b3:02 677874                     /usr/lib/jvm/java-11-openjdk-amd64/lib/libjava.so
7f89719f5000-7f8971a0a000 r-xp 0000d000 b3:02 677874                     /usr/lib/jvm/java-11-openjdk-amd64/lib/libjava.so
7f8971a0a000-7f8971a11000 r--p 00022000 b3:02 677874                     /usr/lib/jvm/java-11-openjdk-amd64/lib/libjava.so
7f8971a11000-7f8971a12000 r--p 00028000 b3:02 677874                     /usr/lib/jvm/java-11-openjdk-amd64/lib/libjava.so
7f8971a12000-7f8971a14000 rw-p 00029000 b3:02 677874                     /usr/lib/jvm/java-11-openjdk-amd64/lib/libjava.so
7f8971a14000-7f8971a16000 r--p 00000000 b3:02 529307                     /lib/x86_64-linux-gnu/librt-2.28.so
7f8971a16000-7f8971a1a000 r-xp 00002000 b3:02 529307                     /lib/x86_64-linux-gnu/librt-2.28.so
7f8971a1a000-7f8971a1c000 r--p 00006000 b3:02 529307                     /lib/x86_64-linux-gnu/librt-2.28.so
7f8971a1c000-7f8971a1d000 r--p 00007000 b3:02 529307                     /lib/x86_64-linux-gnu/librt-2.28.so
7f8971a1d000-7f8971a1e000 rw-p 00008000 b3:02 529307                     /lib/x86_64-linux-gnu/librt-2.28.so
7f8971a1e000-7f8971a22000 ---p 00000000 00:00 0 
7f8971a22000-7f8971b1f000 rw-p 00000000 00:00 0 
7f8971b1f000-7f8971b22000 r--p 00000000 b3:02 534485                     /lib/x86_64-linux-gnu/libgcc_s.so.1
7f8971b22000-7f8971b33000 r-xp 00003000 b3:02 534485                     /lib/x86_64-linux-gnu/libgcc_s.so.1
7f8971b33000-7f8971b36000 r--p 00014000 b3:02 534485                     /lib/x86_64-linux-gnu/libgcc_s.so.1
7f8971b36000-7f8971b37000 ---p 00017000 b3:02 534485                     /lib/x86_64-linux-gnu/libgcc_s.so.1
7f8971b37000-7f8971b38000 r--p 00017000 b3:02 534485                     /lib/x86_64-linux-gnu/libgcc_s.so.1
7f8971b38000-7f8971b39000 rw-p 00018000 b3:02 534485                     /lib/x86_64-linux-gnu/libgcc_s.so.1
7f8971b39000-7f8971b46000 r--p 00000000 b3:02 529230                     /lib/x86_64-linux-gnu/libm-2.28.so
7f8971b46000-7f8971bf1000 r-xp 0000d000 b3:02 529230                     /lib/x86_64-linux-gnu/libm-2.28.so
7f8971bf1000-7f8971cc4000 r--p 000b8000 b3:02 529230                     /lib/x86_64-linux-gnu/libm-2.28.so
7f8971cc4000-7f8971cc5000 r--p 0018a000 b3:02 529230                     /lib/x86_64-linux-gnu/libm-2.28.so
7f8971cc5000-7f8971cc6000 rw-p 0018b000 b3:02 529230                     /lib/x86_64-linux-gnu/libm-2.28.so
7f8971cc6000-7f8971d50000 r--p 00000000 b3:02 787914                     /usr/lib/x86_64-linux-gnu/libstdc++.so.6.0.25
7f8971d50000-7f8971e03000 r-xp 0008a000 b3:02 787914                     /usr/lib/x86_64-linux-gnu/libstdc++.so.6.0.25
7f8971e03000-7f8971e40000 r--p 0013d000 b3:02 787914                     /usr/lib/x86_64-linux-gnu/libstdc++.so.6.0.25
7f8971e40000-7f8971e41000 ---p 0017a000 b3:02 787914                     /usr/lib/x86_64-linux-gnu/libstdc++.so.6.0.25
7f8971e41000-7f8971e4b000 r--p 0017a000 b3:02 787914                     /usr/lib/x86_64-linux-gnu/libstdc++.so.6.0.25
7f8971e4b000-7f8971e4d000 rw-p 00184000 b3:02 787914                     /usr/lib/x86_64-linux-gnu/libstdc++.so.6.0.25
7f8971e4d000-7f8971e51000 rw-p 00000000 00:00 0 
7f8971e51000-7f89720bf000 r--p 00000000 b3:02 677904                     /usr/lib/jvm/java-11-openjdk-amd64/lib/server/libjvm.so
7f89720bf000-7f8972bdb000 r-xp 0026e000 b3:02 677904                     /usr/lib/jvm/java-11-openjdk-amd64/lib/server/libjvm.so
7f8972bdb000-7f8972e14000 r--p 00d8a000 b3:02 677904                     /usr/lib/jvm/java-11-openjdk-amd64/lib/server/libjvm.so
7f8972e14000-7f8972ed1000 r--p 00fc2000 b3:02 677904                     /usr/lib/jvm/java-11-openjdk-amd64/lib/server/libjvm.so
7f8972ed1000-7f8972f0a000 rw-p 0107f000 b3:02 677904                     /usr/lib/jvm/java-11-openjdk-amd64/lib/server/libjvm.so
7f8972f0a000-7f8972f62000 rw-p 00000000 00:00 0 
7f8972f62000-7f8972f68000 r--p 00000000 b3:02 529299                     /lib/x86_64-linux-gnu/libpthread-2.28.so
7f8972f68000-7f8972f77000 r-xp 00006000 b3:02 529299                     /lib/x86_64-linux-gnu/libpthread-2.28.so
7f8972f77000-7f8972f7d000 r--p 00015000 b3:02 529299                     /lib/x86_64-linux-gnu/libpthread-2.28.so
7f8972f7d000-7f8972f7e000 r--p 0001a000 b3:02 529299                     /lib/x86_64-linux-gnu/libpthread-2.28.so
7f8972f7e000-7f8972f7f000 rw-p 0001b000 b3:02 529299                     /lib/x86_64-linux-gnu/libpthread-2.28.so
7f8972f7f000-7f8972f83000 rw-p 00000000 00:00 0 
7f8972f83000-7f8972f84000 r--p 00000000 b3:02 529190                     /lib/x86_64-linux-gnu/libdl-2.28.so
7f8972f84000-7f8972f86000 r-xp 00001000 b3:02 529190                     /lib/x86_64-linux-gnu/libdl-2.28.so
7f8972f86000-7f8972f87000 r--p 00003000 b3:02 529190                     /lib/x86_64-linux-gnu/libdl-2.28.so
7f8972f87000-7f8972f88000 r--p 00003000 b3:02 529190                     /lib/x86_64-linux-gnu/libdl-2.28.so
7f8972f88000-7f8972f89000 rw-p 00004000 b3:02 529190                     /lib/x86_64-linux-gnu/libdl-2.28.so
7f8972f89000-7f8972fa5000 r-xp 00000000 b3:02 529338                     /lib/x86_64-linux-gnu/libz.so.1.2.11
7f8972fa5000-7f89731a4000 ---p 0001c000 b3:02 529338                     /lib/x86_64-linux-gnu/libz.so.1.2.11
7f89731a4000-7f89731a5000 r--p 0001b000 b3:02 529338                     /lib/x86_64-linux-gnu/libz.so.1.2.11
7f89731a5000-7f89731a6000 rw-p 0001c000 b3:02 529338                     /lib/x86_64-linux-gnu/libz.so.1.2.11
7f89731a6000-7f89731c8000 r--p 00000000 b3:02 529169                     /lib/x86_64-linux-gnu/libc-2.28.so
7f89731c8000-7f8973339000 r-xp 00022000 b3:02 529169                     /lib/x86_64-linux-gnu/libc-2.28.so
7f8973339000-7f8973385000 r--p 00193000 b3:02 529169                     /lib/x86_64-linux-gnu/libc-2.28.so
7f8973385000-7f8973386000 ---p 001df000 b3:02 529169                     /lib/x86_64-linux-gnu/libc-2.28.so
7f8973386000-7f897338a000 r--p 001df000 b3:02 529169                     /lib/x86_64-linux-gnu/libc-2.28.so
7f897338a000-7f897338c000 rw-p 001e3000 b3:02 529169                     /lib/x86_64-linux-gnu/libc-2.28.so
7f897338c000-7f8973390000 rw-p 00000000 00:00 0 
7f8973392000-7f8973394000 r--s 00007000 b3:02 1048646                    /usr/share/java/java-atk-wrapper.jar
7f8973394000-7f8973395000 ---p 00000000 00:00 0 
7f8973395000-7f8973396000 r--p 00000000 00:00 0 
7f8973396000-7f897339b000 r--p 00000000 b3:02 677897                     /usr/lib/jvm/java-11-openjdk-amd64/lib/libverify.so
7f897339b000-7f89733a2000 r-xp 00005000 b3:02 677897                     /usr/lib/jvm/java-11-openjdk-amd64/lib/libverify.so
7f89733a2000-7f89733a4000 r--p 0000c000 b3:02 677897                     /usr/lib/jvm/java-11-openjdk-amd64/lib/libverify.so
7f89733a4000-7f89733a6000 r--p 0000d000 b3:02 677897                     /usr/lib/jvm/java-11-openjdk-amd64/lib/libverify.so
7f89733a6000-7f89733a7000 rw-p 0000f000 b3:02 677897                     /usr/lib/jvm/java-11-openjdk-amd64/lib/libverify.so
7f89733a7000-7f89733aa000 r--p 00000000 b3:02 677856                     /usr/lib/jvm/java-11-openjdk-amd64/lib/jli/libjli.so
7f89733aa000-7f89733b4000 r-xp 00003000 b3:02 677856                     /usr/lib/jvm/java-11-openjdk-amd64/lib/jli/libjli.so
7f89733b4000-7f89733b7000 r--p 0000d000 b3:02 677856                     /usr/lib/jvm/java-11-openjdk-amd64/lib/jli/libjli.so
7f89733b7000-7f89733b8000 r--p 0000f000 b3:02 677856                     /usr/lib/jvm/java-11-openjdk-amd64/lib/jli/libjli.so
7f89733b8000-7f89733b9000 rw-p 00010000 b3:02 677856                     /usr/lib/jvm/java-11-openjdk-amd64/lib/jli/libjli.so
7f89733b9000-7f89733bb000 rw-p 00000000 00:00 0 
7f89733bb000-7f89733bc000 r--p 00000000 b3:02 529143                     /lib/x86_64-linux-gnu/ld-2.28.so
7f89733bc000-7f89733dc000 r-xp 00001000 b3:02 529143                     /lib/x86_64-linux-gnu/ld-2.28.so
7f89733dc000-7f89733e4000 r--p 00021000 b3:02 529143                     /lib/x86_64-linux-gnu/ld-2.28.so
7f89733e4000-7f89733e5000 r--p 00028000 b3:02 529143                     /lib/x86_64-linux-gnu/ld-2.28.so
7f89733e5000-7f89733e6000 rw-p 00029000 b3:02 529143                     /lib/x86_64-linux-gnu/ld-2.28.so
7f89733e6000-7f89733e7000 rw-p 00000000 00:00 0 
7ffcd6150000-7ffcd6171000 rw-p 00000000 00:00 0                          [stack]
7ffcd61b5000-7ffcd61b8000 r--p 00000000 00:00 0                          [vvar]
7ffcd61b8000-7ffcd61ba000 r-xp 00000000 00:00 0                          [vdso]
ffffffffff600000-ffffffffff601000 r-xp 00000000 00:00 0                  [vsyscall]


VM Arguments:
jvm_args: -agentlib:jdwp=transport=dt_socket,suspend=y,address=localhost:36861 -javaagent:/home/user/Downloads/spring-tool-suite-4-4.3.2.RELEASE-e4.12.0-linux.gtk.x86_64 (1)/sts-4.3.2.RELEASE/configuration/org.eclipse.osgi/238/0/.cp/lib/javaagent-shaded.jar -Dfile.encoding=UTF-8 
java_command: com.bridgelabzs.datastructure.OrderedList
java_class_path (initial): /home/user/Desktop/Vaibhav_VK/Fellowship/bin
Launcher Type: SUN_STANDARD

[Global flags]
     intx CICompilerCount                          = 2                                         {product} {ergonomic}
     uint ConcGCThreads                            = 1                                         {product} {ergonomic}
     uint G1ConcRefinementThreads                  = 2                                         {product} {ergonomic}
   size_t G1HeapRegionSize                         = 1048576                                   {product} {ergonomic}
    uintx GCDrainStackTargetSize                   = 64                                        {product} {ergonomic}
   size_t InitialHeapSize                          = 123731968                                 {product} {ergonomic}
   size_t MarkStackSize                            = 4194304                                   {product} {ergonomic}
   size_t MaxHeapSize                              = 1975517184                                {product} {ergonomic}
   size_t MaxNewSize                               = 1184890880                                {product} {ergonomic}
   size_t MinHeapDeltaBytes                        = 1048576                                   {product} {ergonomic}
    uintx NonNMethodCodeHeapSize                   = 5824844                                {pd product} {ergonomic}
    uintx NonProfiledCodeHeapSize                  = 122916698                              {pd product} {ergonomic}
    uintx ProfiledCodeHeapSize                     = 122916698                              {pd product} {ergonomic}
    uintx ReservedCodeCacheSize                    = 251658240                              {pd product} {ergonomic}
     bool SegmentedCodeCache                       = true                                      {product} {ergonomic}
     bool UseCompressedClassPointers               = true                                 {lp64_product} {ergonomic}
     bool UseCompressedOops                        = true                                 {lp64_product} {ergonomic}
     bool UseG1GC                                  = true                                      {product} {ergonomic}

Logging:
Log output configuration:
 #0: stdout all=warning uptime,level,tags
 #1: stderr all=off uptime,level,tags

Environment Variables:
PATH=/usr/local/sbin:/usr/local/bin:/usr/sbin:/usr/bin:/sbin:/bin:/usr/games:/usr/local/games:/snap/bin
USERNAME=user
SHELL=/bin/bash
DISPLAY=:0

Signal Handlers:
SIGSEGV: [libjvm.so+0xd18a40], sa_mask[0]=11111111011111111101111111111110, sa_flags=SA_RESTART|SA_SIGINFO
SIGBUS: [libjvm.so+0xd18a40], sa_mask[0]=11111111011111111101111111111110, sa_flags=SA_RESTART|SA_SIGINFO
SIGFPE: [libjvm.so+0xd18a40], sa_mask[0]=11111111011111111101111111111110, sa_flags=SA_RESTART|SA_SIGINFO
SIGPIPE: [libjvm.so+0xb21cf0], sa_mask[0]=11111111011111111101111111111110, sa_flags=SA_RESTART|SA_SIGINFO
SIGXFSZ: [libjvm.so+0xb21cf0], sa_mask[0]=11111111011111111101111111111110, sa_flags=SA_RESTART|SA_SIGINFO
SIGILL: [libjvm.so+0xd18a40], sa_mask[0]=11111111011111111101111111111110, sa_flags=SA_RESTART|SA_SIGINFO
SIGUSR2: [libjvm.so+0xb21b80], sa_mask[0]=00100000000000000000000000000000, sa_flags=SA_RESTART|SA_SIGINFO
SIGHUP: [libjvm.so+0xb220f0], sa_mask[0]=11111111011111111101111111111110, sa_flags=SA_RESTART|SA_SIGINFO
SIGINT: [libjvm.so+0xb220f0], sa_mask[0]=11111111011111111101111111111110, sa_flags=SA_RESTART|SA_SIGINFO
SIGTERM: [libjvm.so+0xb220f0], sa_mask[0]=11111111011111111101111111111110, sa_flags=SA_RESTART|SA_SIGINFO
SIGQUIT: [libjvm.so+0xb220f0], sa_mask[0]=11111111011111111101111111111110, sa_flags=SA_RESTART|SA_SIGINFO


---------------  S Y S T E M  ---------------

OS:DISTRIB_ID=Ubuntu
DISTRIB_RELEASE=18.10
DISTRIB_CODENAME=cosmic
DISTRIB_DESCRIPTION="Ubuntu 18.10"
uname:Linux 4.18.0-26-generic #27-Ubuntu SMP Tue Jul 2 15:36:16 UTC 2019 x86_64
libc:glibc 2.28 NPTL 2.28 
rlimit: STACK 8192k, CORE 0k, NPROC 29824, NOFILE 4096, AS infinity, DATA infinity, FSIZE infinity
load average:3.99 2.88 2.14

/proc/meminfo:
MemTotal:        7711764 kB
MemFree:         1542884 kB
MemAvailable:    2461984 kB
Buffers:          189452 kB
Cached:          1246380 kB
SwapCached:         1212 kB
Active:          4349416 kB
Inactive:        1432472 kB
Active(anon):    3750500 kB
Inactive(anon):   944880 kB
Active(file):     598916 kB
Inactive(file):   487592 kB
Unevictable:          80 kB
Mlocked:              80 kB
SwapTotal:       1393948 kB
SwapFree:        1357596 kB
Dirty:              2284 kB
Writeback:             0 kB
AnonPages:       4345340 kB
Mapped:           616812 kB
Shmem:            349152 kB
Slab:             232308 kB
SReclaimable:     115588 kB
SUnreclaim:       116720 kB
KernelStack:       18400 kB
PageTables:        49932 kB
NFS_Unstable:          0 kB
Bounce:                0 kB
WritebackTmp:          0 kB
CommitLimit:     5249828 kB
Committed_AS:   13359856 kB
VmallocTotal:   34359738367 kB
VmallocUsed:           0 kB
VmallocChunk:          0 kB
HardwareCorrupted:     0 kB
AnonHugePages:         0 kB
ShmemHugePages:        0 kB
ShmemPmdMapped:        0 kB
CmaTotal:              0 kB
CmaFree:               0 kB
HugePages_Total:       0
HugePages_Free:        0
HugePages_Rsvd:        0
HugePages_Surp:        0
Hugepagesize:       2048 kB
Hugetlb:               0 kB
DirectMap4k:      358804 kB
DirectMap2M:     7569408 kB
DirectMap1G:     2097152 kB


/proc/sys/kernel/threads-max (system-wide limit on the number of threads):
59648


/proc/sys/vm/max_map_count (maximum number of memory map areas a process may have):
262144


/proc/sys/kernel/pid_max (system-wide limit on number of process identifiers):
32768



container (cgroup) information:
container_type: cgroupv1
cpu_cpuset_cpus: 0-1
cpu_memory_nodes: 0
active_processor_count: 2
cpu_quota: -1
cpu_period: 100000
cpu_shares: -1
memory_limit_in_bytes: -1
memory_and_swap_limit_in_bytes: -2
memory_soft_limit_in_bytes: -1
memory_usage_in_bytes: 1927213056
memory_max_usage_in_bytes: 2052046848


CPU:total 2 (initial active 2) (2 cores per cpu, 1 threads per core) family 6 model 122 stepping 1, cmov, cx8, fxsr, mmx, sse, sse2, sse3, ssse3, sse4.1, sse4.2, popcnt, aes, clmul, erms, 3dnowpref, tsc, tscinvbit, sha
CPU Model and flags from /proc/cpuinfo:
model name	: Intel(R) Celeron(R) N4000 CPU @ 1.10GHz
flags		: fpu vme de pse tsc msr pae mce cx8 apic sep mtrr pge mca cmov pat pse36 clflush dts acpi mmx fxsr sse sse2 ss ht tm pbe syscall nx pdpe1gb rdtscp lm constant_tsc art arch_perfmon pebs bts rep_good nopl xtopology nonstop_tsc cpuid aperfmperf tsc_known_freq pni pclmulqdq dtes64 monitor ds_cpl vmx est tm2 ssse3 sdbg cx16 xtpr pdcm sse4_1 sse4_2 x2apic movbe popcnt tsc_deadline_timer aes xsave rdrand lahf_lm 3dnowprefetch cpuid_fault cat_l2 pti cdp_l2 ssbd ibrs ibpb stibp ibrs_enhanced tpr_shadow vnmi flexpriority ept vpid fsgsbase tsc_adjust smep erms mpx rdt_a rdseed smap clflushopt intel_pt sha_ni xsaveopt xsavec xgetbv1 xsaves dtherm ida arat pln pts umip rdpid md_clear arch_capabilities

Memory: 4k page, physical 7711764k(1542884k free), swap 1393948k(1357596k free)

vm_info: OpenJDK 64-Bit Server VM (11.0.3+7-Ubuntu-1ubuntu218.10.1) for linux-amd64 JRE (11.0.3+7-Ubuntu-1ubuntu218.10.1), built on Apr 23 2019 18:34:35 by "buildd" with gcc 8.2.0

END.
